This file contains any messages produced by compilers while
running configure, to aid debugging if configure makes a mistake.

It was created by ptunnel-ng configure 1.42, which was
generated by GNU Autoconf 2.72.  Invocation command line was

  $ ./configure --enable-static

## --------- ##
## Platform. ##
## --------- ##

hostname = kali
uname -m = x86_64
uname -r = 6.12.25-amd64
uname -s = Linux
uname -v = #1 SMP PREEMPT_DYNAMIC Kali 6.12.25-1kali1 (2025-04-30)

/usr/bin/uname -p = unknown
/bin/uname -X     = unknown

/bin/arch              = x86_64
/usr/bin/arch -k       = unknown
/usr/convex/getsysinfo = unknown
/usr/bin/hostinfo      = unknown
/bin/machine           = unknown
/usr/bin/oslevel       = unknown
/bin/universe          = unknown

PATH: /usr/local/sbin/
PATH: /usr/local/bin/
PATH: /usr/sbin/
PATH: /usr/bin/
PATH: /sbin/
PATH: /bin/


## ----------- ##
## Core tests. ##
## ----------- ##

configure:2715: looking for aux files: compile missing install-sh config.guess config.sub
configure:2728:  trying ./
configure:2757:   ./compile found
configure:2757:   ./missing found
configure:2739:   ./install-sh found
configure:2757:   ./config.guess found
configure:2757:   ./config.sub found
configure:2880: checking build system type
configure:2896: result: x86_64-pc-linux-gnu
configure:2916: checking host system type
configure:2931: result: x86_64-pc-linux-gnu
configure:2969: checking whether make supports nested variables
configure:2988: result: yes
configure:3011: checking for a BSD-compatible install
configure:3085: result: /usr/bin/install -c
configure:3096: checking whether sleep supports fractional seconds
configure:3112: result: yes
configure:3115: checking filesystem timestamp resolution
configure:3250: result: 0.01
configure:3255: checking whether build environment is sane
configure:3296: result: yes
configure:3467: checking for a race-free mkdir -p
configure:3510: result: /usr/bin/mkdir -p
configure:3517: checking for gawk
configure:3538: found /usr/bin/gawk
configure:3550: result: gawk
configure:3561: checking whether make sets $(MAKE)
configure:3585: result: yes
configure:3613: checking xargs -n works
configure:3629: result: yes
configure:3791: checking for gcc
configure:3812: found /usr/bin/gcc
configure:3824: result: gcc
configure:4183: checking for C compiler version
configure:4192: gcc --version >&5
gcc (Debian 14.2.0-19) 14.2.0
Copyright (C) 2024 Free Software Foundation, Inc.
This is free software; see the source for copying conditions.  There is NO
warranty; not even for MERCHANTABILITY or FITNESS FOR A PARTICULAR PURPOSE.

configure:4203: $? = 0
configure:4192: gcc -v >&5
Using built-in specs.
COLLECT_GCC=gcc
COLLECT_LTO_WRAPPER=/usr/libexec/gcc/x86_64-linux-gnu/14/lto-wrapper
OFFLOAD_TARGET_NAMES=nvptx-none:amdgcn-amdhsa
OFFLOAD_TARGET_DEFAULT=1
Target: x86_64-linux-gnu
Configured with: ../src/configure -v --with-pkgversion='Debian 14.2.0-19' --with-bugurl=file:///usr/share/doc/gcc-14/README.Bugs --enable-languages=c,ada,c++,go,d,fortran,objc,obj-c++,m2,rust --prefix=/usr --with-gcc-major-version-only --program-suffix=-14 --program-prefix=x86_64-linux-gnu- --enable-shared --enable-linker-build-id --libexecdir=/usr/libexec --without-included-gettext --enable-threads=posix --libdir=/usr/lib --enable-nls --enable-bootstrap --enable-clocale=gnu --enable-libstdcxx-debug --enable-libstdcxx-time=yes --with-default-libstdcxx-abi=new --enable-libstdcxx-backtrace --enable-gnu-unique-object --disable-vtable-verify --enable-plugin --enable-default-pie --with-system-zlib --enable-libphobos-checking=release --with-target-system-zlib=auto --enable-objc-gc=auto --enable-multiarch --disable-werror --enable-cet --with-arch-32=i686 --with-abi=m64 --with-multilib-list=m32,m64,mx32 --enable-multilib --with-tune=generic --enable-offload-targets=nvptx-none=/build/reproducible-path/gcc-14-14.2.0/debian/tmp-nvptx/usr,amdgcn-amdhsa=/build/reproducible-path/gcc-14-14.2.0/debian/tmp-gcn/usr --enable-offload-defaulted --without-cuda-driver --enable-checking=release --build=x86_64-linux-gnu --host=x86_64-linux-gnu --target=x86_64-linux-gnu --with-build-config=bootstrap-lto-lean --enable-link-serialization=3
Thread model: posix
Supported LTO compression algorithms: zlib zstd
gcc version 14.2.0 (Debian 14.2.0-19) 
... rest of stderr output deleted ...
configure:4203: $? = 0
configure:4192: gcc -V >&5
gcc: error: unrecognized command-line option '-V'
gcc: fatal error: no input files
compilation terminated.
configure:4203: $? = 1
configure:4192: gcc -qversion >&5
gcc: error: unrecognized command-line option '-qversion'; did you mean '--version'?
gcc: fatal error: no input files
compilation terminated.
configure:4203: $? = 1
configure:4192: gcc -version >&5
gcc: error: unrecognized command-line option '-version'
gcc: fatal error: no input files
compilation terminated.
configure:4203: $? = 1
configure:4223: checking whether the C compiler works
configure:4245: gcc   -static conftest.c  >&5
configure:4249: $? = 0
configure:4300: result: yes
configure:4304: checking for C compiler default output file name
configure:4306: result: a.out
configure:4312: checking for suffix of executables
configure:4319: gcc -o conftest   -static conftest.c  >&5
configure:4323: $? = 0
configure:4347: result: 
configure:4371: checking whether we are cross compiling
configure:4379: gcc -o conftest   -static conftest.c  >&5
configure:4383: $? = 0
configure:4390: ./conftest
configure:4394: $? = 0
configure:4409: result: no
configure:4415: checking for suffix of object files
configure:4438: gcc -c   conftest.c >&5
configure:4442: $? = 0
configure:4466: result: o
configure:4470: checking whether the compiler supports GNU C
configure:4490: gcc -c   conftest.c >&5
configure:4490: $? = 0
configure:4502: result: yes
configure:4513: checking whether gcc accepts -g
configure:4534: gcc -c -g  conftest.c >&5
configure:4534: $? = 0
configure:4581: result: yes
configure:4601: checking for gcc option to enable C11 features
configure:4616: gcc  -c -g -O2  conftest.c >&5
configure:4616: $? = 0
configure:4635: result: none needed
configure:4759: checking whether gcc understands -c and -o together
configure:4782: gcc -c conftest.c -o conftest2.o
configure:4785: $? = 0
configure:4782: gcc -c conftest.c -o conftest2.o
configure:4785: $? = 0
configure:4798: result: yes
configure:4818: checking whether make supports the include directive
configure:4833: make -f confmf.GNU && cat confinc.out
this is the am__doit target
configure:4836: $? = 0
configure:4855: result: yes (GNU style)
configure:4881: checking dependency style of gcc
configure:4994: result: gcc3
configure:5015: checking for stdio.h
configure:5015: gcc -c -g -O2  conftest.c >&5
configure:5015: $? = 0
configure:5015: result: yes
configure:5015: checking for stdlib.h
configure:5015: gcc -c -g -O2  conftest.c >&5
configure:5015: $? = 0
configure:5015: result: yes
configure:5015: checking for string.h
configure:5015: gcc -c -g -O2  conftest.c >&5
configure:5015: $? = 0
configure:5015: result: yes
configure:5015: checking for inttypes.h
configure:5015: gcc -c -g -O2  conftest.c >&5
configure:5015: $? = 0
configure:5015: result: yes
configure:5015: checking for stdint.h
configure:5015: gcc -c -g -O2  conftest.c >&5
configure:5015: $? = 0
configure:5015: result: yes
configure:5015: checking for strings.h
configure:5015: gcc -c -g -O2  conftest.c >&5
configure:5015: $? = 0
configure:5015: result: yes
configure:5015: checking for sys/stat.h
configure:5015: gcc -c -g -O2  conftest.c >&5
configure:5015: $? = 0
configure:5015: result: yes
configure:5015: checking for sys/types.h
configure:5015: gcc -c -g -O2  conftest.c >&5
configure:5015: $? = 0
configure:5015: result: yes
configure:5015: checking for unistd.h
configure:5015: gcc -c -g -O2  conftest.c >&5
configure:5015: $? = 0
configure:5015: result: yes
configure:5015: checking for wchar.h
configure:5015: gcc -c -g -O2  conftest.c >&5
configure:5015: $? = 0
configure:5015: result: yes
configure:5015: checking for minix/config.h
configure:5015: gcc -c -g -O2  conftest.c >&5
conftest.c:49:10: fatal error: minix/config.h: No such file or directory
   49 | #include <minix/config.h>
      |          ^~~~~~~~~~~~~~~~
compilation terminated.
configure:5015: $? = 1
configure: failed program was:
| /* confdefs.h */
| #define PACKAGE_NAME "ptunnel-ng"
| #define PACKAGE_TARNAME "ptunnel-ng"
| #define PACKAGE_VERSION "1.42"
| #define PACKAGE_STRING "ptunnel-ng 1.42"
| #define PACKAGE_BUGREPORT ""
| #define PACKAGE_URL ""
| #define PACKAGE "ptunnel-ng"
| #define VERSION "1.42"
| #define HAVE_STDIO_H 1
| #define HAVE_STDLIB_H 1
| #define HAVE_STRING_H 1
| #define HAVE_INTTYPES_H 1
| #define HAVE_STDINT_H 1
| #define HAVE_STRINGS_H 1
| #define HAVE_SYS_STAT_H 1
| #define HAVE_SYS_TYPES_H 1
| #define HAVE_UNISTD_H 1
| #define HAVE_WCHAR_H 1
| /* end confdefs.h.  */
| #include <stddef.h>
| #ifdef HAVE_STDIO_H
| # include <stdio.h>
| #endif
| #ifdef HAVE_STDLIB_H
| # include <stdlib.h>
| #endif
| #ifdef HAVE_STRING_H
| # include <string.h>
| #endif
| #ifdef HAVE_INTTYPES_H
| # include <inttypes.h>
| #endif
| #ifdef HAVE_STDINT_H
| # include <stdint.h>
| #endif
| #ifdef HAVE_STRINGS_H
| # include <strings.h>
| #endif
| #ifdef HAVE_SYS_TYPES_H
| # include <sys/types.h>
| #endif
| #ifdef HAVE_SYS_STAT_H
| # include <sys/stat.h>
| #endif
| #ifdef HAVE_UNISTD_H
| # include <unistd.h>
| #endif
| #include <minix/config.h>
configure:5015: result: no
configure:5046: checking whether it is safe to define __EXTENSIONS__
configure:5065: gcc -c -g -O2  conftest.c >&5
configure:5065: $? = 0
configure:5075: result: yes
configure:5078: checking whether _XOPEN_SOURCE should be defined
configure:5100: gcc -c -g -O2  conftest.c >&5
configure:5100: $? = 0
configure:5129: result: no
configure:5188: checking for an ANSI C-conforming const
configure:5255: gcc -c -g -O2  conftest.c >&5
configure:5255: $? = 0
configure:5265: result: yes
configure:5273: checking for inline
configure:5290: gcc -c -g -O2  conftest.c >&5
configure:5290: $? = 0
configure:5300: result: inline
configure:5318: checking for size_t
configure:5318: gcc -c -g -O2  conftest.c >&5
configure:5318: $? = 0
configure:5318: gcc -c -g -O2  conftest.c >&5
conftest.c: In function 'main':
conftest.c:70:21: error: expected expression before ')' token
   70 | if (sizeof ((size_t)))
      |                     ^
configure:5318: $? = 1
configure: failed program was:
| /* confdefs.h */
| #define PACKAGE_NAME "ptunnel-ng"
| #define PACKAGE_TARNAME "ptunnel-ng"
| #define PACKAGE_VERSION "1.42"
| #define PACKAGE_STRING "ptunnel-ng 1.42"
| #define PACKAGE_BUGREPORT ""
| #define PACKAGE_URL ""
| #define PACKAGE "ptunnel-ng"
| #define VERSION "1.42"
| #define HAVE_STDIO_H 1
| #define HAVE_STDLIB_H 1
| #define HAVE_STRING_H 1
| #define HAVE_INTTYPES_H 1
| #define HAVE_STDINT_H 1
| #define HAVE_STRINGS_H 1
| #define HAVE_SYS_STAT_H 1
| #define HAVE_SYS_TYPES_H 1
| #define HAVE_UNISTD_H 1
| #define HAVE_WCHAR_H 1
| #define STDC_HEADERS 1
| #define _ALL_SOURCE 1
| #define _DARWIN_C_SOURCE 1
| #define _GNU_SOURCE 1
| #define _HPUX_ALT_XOPEN_SOCKET_API 1
| #define _NETBSD_SOURCE 1
| #define _OPENBSD_SOURCE 1
| #define _POSIX_PTHREAD_SEMANTICS 1
| #define __STDC_WANT_IEC_60559_ATTRIBS_EXT__ 1
| #define __STDC_WANT_IEC_60559_BFP_EXT__ 1
| #define __STDC_WANT_IEC_60559_DFP_EXT__ 1
| #define __STDC_WANT_IEC_60559_EXT__ 1
| #define __STDC_WANT_IEC_60559_FUNCS_EXT__ 1
| #define __STDC_WANT_IEC_60559_TYPES_EXT__ 1
| #define __STDC_WANT_LIB_EXT2__ 1
| #define __STDC_WANT_MATH_SPEC_FUNCS__ 1
| #define _TANDEM_SOURCE 1
| #define __EXTENSIONS__ 1
| /* end confdefs.h.  */
| #include <stddef.h>
| #ifdef HAVE_STDIO_H
| # include <stdio.h>
| #endif
| #ifdef HAVE_STDLIB_H
| # include <stdlib.h>
| #endif
| #ifdef HAVE_STRING_H
| # include <string.h>
| #endif
| #ifdef HAVE_INTTYPES_H
| # include <inttypes.h>
| #endif
| #ifdef HAVE_STDINT_H
| # include <stdint.h>
| #endif
| #ifdef HAVE_STRINGS_H
| # include <strings.h>
| #endif
| #ifdef HAVE_SYS_TYPES_H
| # include <sys/types.h>
| #endif
| #ifdef HAVE_SYS_STAT_H
| # include <sys/stat.h>
| #endif
| #ifdef HAVE_UNISTD_H
| # include <unistd.h>
| #endif
| int
| main (void)
| {
| if (sizeof ((size_t)))
| 	    return 0;
|   ;
|   return 0;
| }
configure:5318: result: yes
configure:5329: checking for _Bool
configure:5329: gcc -c -g -O2  conftest.c >&5
configure:5329: $? = 0
configure:5329: gcc -c -g -O2  conftest.c >&5
conftest.c: In function 'main':
conftest.c:70:20: error: expected expression before ')' token
   70 | if (sizeof ((_Bool)))
      |                    ^
configure:5329: $? = 1
configure: failed program was:
| /* confdefs.h */
| #define PACKAGE_NAME "ptunnel-ng"
| #define PACKAGE_TARNAME "ptunnel-ng"
| #define PACKAGE_VERSION "1.42"
| #define PACKAGE_STRING "ptunnel-ng 1.42"
| #define PACKAGE_BUGREPORT ""
| #define PACKAGE_URL ""
| #define PACKAGE "ptunnel-ng"
| #define VERSION "1.42"
| #define HAVE_STDIO_H 1
| #define HAVE_STDLIB_H 1
| #define HAVE_STRING_H 1
| #define HAVE_INTTYPES_H 1
| #define HAVE_STDINT_H 1
| #define HAVE_STRINGS_H 1
| #define HAVE_SYS_STAT_H 1
| #define HAVE_SYS_TYPES_H 1
| #define HAVE_UNISTD_H 1
| #define HAVE_WCHAR_H 1
| #define STDC_HEADERS 1
| #define _ALL_SOURCE 1
| #define _DARWIN_C_SOURCE 1
| #define _GNU_SOURCE 1
| #define _HPUX_ALT_XOPEN_SOCKET_API 1
| #define _NETBSD_SOURCE 1
| #define _OPENBSD_SOURCE 1
| #define _POSIX_PTHREAD_SEMANTICS 1
| #define __STDC_WANT_IEC_60559_ATTRIBS_EXT__ 1
| #define __STDC_WANT_IEC_60559_BFP_EXT__ 1
| #define __STDC_WANT_IEC_60559_DFP_EXT__ 1
| #define __STDC_WANT_IEC_60559_EXT__ 1
| #define __STDC_WANT_IEC_60559_FUNCS_EXT__ 1
| #define __STDC_WANT_IEC_60559_TYPES_EXT__ 1
| #define __STDC_WANT_LIB_EXT2__ 1
| #define __STDC_WANT_MATH_SPEC_FUNCS__ 1
| #define _TANDEM_SOURCE 1
| #define __EXTENSIONS__ 1
| /* end confdefs.h.  */
| #include <stddef.h>
| #ifdef HAVE_STDIO_H
| # include <stdio.h>
| #endif
| #ifdef HAVE_STDLIB_H
| # include <stdlib.h>
| #endif
| #ifdef HAVE_STRING_H
| # include <string.h>
| #endif
| #ifdef HAVE_INTTYPES_H
| # include <inttypes.h>
| #endif
| #ifdef HAVE_STDINT_H
| # include <stdint.h>
| #endif
| #ifdef HAVE_STRINGS_H
| # include <strings.h>
| #endif
| #ifdef HAVE_SYS_TYPES_H
| # include <sys/types.h>
| #endif
| #ifdef HAVE_SYS_STAT_H
| # include <sys/stat.h>
| #endif
| #ifdef HAVE_UNISTD_H
| # include <unistd.h>
| #endif
| int
| main (void)
| {
| if (sizeof ((_Bool)))
| 	    return 0;
|   ;
|   return 0;
| }
configure:5329: result: yes
configure:5338: checking for stdbool.h that conforms to C99 or later
configure:5413: gcc -c -g -O2  conftest.c >&5
configure:5413: $? = 0
configure:5423: result: yes
configure:5430: checking for vprintf
configure:5430: gcc -o conftest -g -O2  -static conftest.c  >&5
conftest.c:56:6: warning: conflicting types for built-in function 'vprintf'; expected 'int(const char *, __va_list_tag *)' [-Wbuiltin-declaration-mismatch]
   56 | char vprintf (void);
      |      ^~~~~~~
conftest.c:48:1: note: 'vprintf' is declared in header '<stdio.h>'
   47 | #include <limits.h>
   48 | #undef vprintf
configure:5430: $? = 0
configure:5430: result: yes
configure:5451: checking for working memcmp
configure:5496: gcc -o conftest -g -O2  -static conftest.c  >&5
configure:5496: $? = 0
configure:5496: ./conftest
configure:5496: $? = 0
configure:5510: result: yes
configure:5527: checking for stdarg.h
configure:5527: gcc -c -g -O2  conftest.c >&5
configure:5527: $? = 0
configure:5527: result: yes
configure:5527: checking for stdio.h
configure:5527: result: yes
configure:5527: checking for unistd.h
configure:5527: result: yes
configure:5527: checking for stdlib.h
configure:5527: result: yes
configure:5527: checking for string.h
configure:5527: result: yes
configure:5527: checking for stdint.h
configure:5527: result: yes
configure:5527: checking for time.h
configure:5527: gcc -c -g -O2  conftest.c >&5
configure:5527: $? = 0
configure:5527: result: yes
configure:5527: checking for signal.h
configure:5527: gcc -c -g -O2  conftest.c >&5
configure:5527: $? = 0
configure:5527: result: yes
configure:5527: checking for assert.h
configure:5527: gcc -c -g -O2  conftest.c >&5
configure:5527: $? = 0
configure:5527: result: yes
configure:5541: checking for sys/unistd.h
configure:5541: gcc -c -g -O2  conftest.c >&5
configure:5541: $? = 0
configure:5541: result: yes
configure:5551: checking for sys/types.h
configure:5551: result: yes
configure:5551: checking for sys/socket.h
configure:5551: gcc -c -g -O2  conftest.c >&5
configure:5551: $? = 0
configure:5551: result: yes
configure:5551: checking for netinet/in.h
configure:5551: gcc -c -g -O2  conftest.c >&5
configure:5551: $? = 0
configure:5551: result: yes
configure:5551: checking for arpa/inet.h
configure:5551: gcc -c -g -O2  conftest.c >&5
configure:5551: $? = 0
configure:5551: result: yes
configure:5551: checking for netdb.h
configure:5551: gcc -c -g -O2  conftest.c >&5
configure:5551: $? = 0
configure:5551: result: yes
configure:5551: checking for pthread.h
configure:5551: gcc -c -g -O2  conftest.c >&5
configure:5551: $? = 0
configure:5551: result: yes
configure:5551: checking for errno.h
configure:5551: gcc -c -g -O2  conftest.c >&5
configure:5551: $? = 0
configure:5551: result: yes
configure:5551: checking for net/ethernet.h
configure:5551: gcc -c -g -O2  conftest.c >&5
configure:5551: $? = 0
configure:5551: result: yes
configure:5551: checking for syslog.h
configure:5551: gcc -c -g -O2  conftest.c >&5
configure:5551: $? = 0
configure:5551: result: yes
configure:5551: checking for pwd.h
configure:5551: gcc -c -g -O2  conftest.c >&5
configure:5551: $? = 0
configure:5551: result: yes
configure:5551: checking for grp.h
configure:5551: gcc -c -g -O2  conftest.c >&5
configure:5551: $? = 0
configure:5551: result: yes
configure:5564: checking for library containing pthread_create
configure:5600: gcc -o conftest -g -O2  -static conftest.c  >&5
configure:5600: $? = 0
configure:5622: result: none required
configure:5638: checking for signal
configure:5638: gcc -o conftest -g -O2  -static conftest.c  >&5
configure:5638: $? = 0
configure:5638: result: yes
configure:5654: checking for pthread_mutex_init
configure:5654: gcc -o conftest -g -O2  -static conftest.c  >&5
configure:5654: $? = 0
configure:5654: result: yes
configure:5654: checking for pthread_mutex_lock
configure:5654: gcc -o conftest -g -O2  -static conftest.c  >&5
configure:5654: $? = 0
configure:5654: result: yes
configure:5654: checking for pthread_mutex_unlock
configure:5654: gcc -o conftest -g -O2  -static conftest.c  >&5
configure:5654: $? = 0
configure:5654: result: yes
configure:5654: checking for syslog
configure:5654: gcc -o conftest -g -O2  -static conftest.c  >&5
configure:5654: $? = 0
configure:5654: result: yes
configure:5654: checking for getaddrinfo
configure:5654: gcc -o conftest -g -O2  -static conftest.c  >&5
/usr/bin/ld: /tmp/ccVSB9nS.o: in function `main':
/home/jhwink/Documents/ptunnel-ng/conftest.c:94:(.text.startup+0x5): warning: Using 'getaddrinfo' in statically linked applications requires at runtime the shared libraries from the glibc version used for linking
configure:5654: $? = 0
configure:5654: result: yes
configure:5654: checking for freeaddrinfo
configure:5654: gcc -o conftest -g -O2  -static conftest.c  >&5
configure:5654: $? = 0
configure:5654: result: yes
configure:5654: checking for gai_strerror
configure:5654: gcc -o conftest -g -O2  -static conftest.c  >&5
configure:5654: $? = 0
configure:5654: result: yes
configure:5835: checking for GNU getopt_long
configure:5860: gcc -c -g -O2  conftest.c >&5
configure:5860: $? = 0
configure:5862: result: yes
configure:5871: checking for struct timeval.tv_sec
configure:5871: gcc -c -g -O2  conftest.c >&5
configure:5871: $? = 0
configure:5871: result: yes
configure:5881: checking for struct timeval.tv_usec
configure:5881: gcc -c -g -O2  conftest.c >&5
configure:5881: $? = 0
configure:5881: result: yes
configure:5896: checking size of char
configure:5902: gcc -o conftest -g -O2  -static conftest.c  >&5
configure:5902: $? = 0
configure:5902: ./conftest
configure:5902: $? = 0
configure:5919: result: 1
configure:5931: checking size of uint8_t
configure:5937: gcc -o conftest -g -O2  -static conftest.c  >&5
configure:5937: $? = 0
configure:5937: ./conftest
configure:5937: $? = 0
configure:5954: result: 1
configure:5966: checking size of uint16_t
configure:5972: gcc -o conftest -g -O2  -static conftest.c  >&5
configure:5972: $? = 0
configure:5972: ./conftest
configure:5972: $? = 0
configure:5989: result: 2
configure:6001: checking size of uint32_t
configure:6007: gcc -o conftest -g -O2  -static conftest.c  >&5
configure:6007: $? = 0
configure:6007: ./conftest
configure:6007: $? = 0
configure:6024: result: 4
configure:6036: checking size of int
configure:6042: gcc -o conftest -g -O2  -static conftest.c  >&5
configure:6042: $? = 0
configure:6042: ./conftest
configure:6042: $? = 0
configure:6059: result: 4
configure:6075: checking for __attribute__ ((packed))
configure:6096: gcc -c -g -O2  conftest.c >&5
configure:6096: $? = 0
configure:6098: result: yes
configure:6111: checking for malloc
configure:6111: gcc -o conftest -g -O2  -static conftest.c  >&5
conftest.c:91:6: warning: conflicting types for built-in function 'malloc'; expected 'void *(long unsigned int)' [-Wbuiltin-declaration-mismatch]
   91 | char malloc (void);
      |      ^~~~~~
conftest.c:83:1: note: 'malloc' is declared in header '<stdlib.h>'
   82 | #include <limits.h>
   83 | #undef malloc
configure:6111: $? = 0
configure:6111: result: yes
configure:6111: checking for calloc
configure:6111: gcc -o conftest -g -O2  -static conftest.c  >&5
conftest.c:92:6: warning: conflicting types for built-in function 'calloc'; expected 'void *(long unsigned int,  long unsigned int)' [-Wbuiltin-declaration-mismatch]
   92 | char calloc (void);
      |      ^~~~~~
conftest.c:84:1: note: 'calloc' is declared in header '<stdlib.h>'
   83 | #include <limits.h>
   84 | #undef calloc
configure:6111: $? = 0
configure:6111: result: yes
configure:6111: checking for free
configure:6111: gcc -o conftest -g -O2  -static conftest.c  >&5
conftest.c:93:6: warning: conflicting types for built-in function 'free'; expected 'void(void *)' [-Wbuiltin-declaration-mismatch]
   93 | char free (void);
      |      ^~~~
conftest.c:85:1: note: 'free' is declared in header '<stdlib.h>'
   84 | #include <limits.h>
   85 | #undef free
configure:6111: $? = 0
configure:6111: result: yes
configure:6111: checking for memcpy
configure:6111: gcc -o conftest -g -O2  -static conftest.c  >&5
conftest.c:94:6: warning: conflicting types for built-in function 'memcpy'; expected 'void *(void *, const void *, long unsigned int)' [-Wbuiltin-declaration-mismatch]
   94 | char memcpy (void);
      |      ^~~~~~
conftest.c:86:1: note: 'memcpy' is declared in header '<string.h>'
   85 | #include <limits.h>
   86 | #undef memcpy
configure:6111: $? = 0
configure:6111: result: yes
configure:6111: checking for memset
configure:6111: gcc -o conftest -g -O2  -static conftest.c  >&5
conftest.c:95:6: warning: conflicting types for built-in function 'memset'; expected 'void *(void *, int,  long unsigned int)' [-Wbuiltin-declaration-mismatch]
   95 | char memset (void);
      |      ^~~~~~
conftest.c:87:1: note: 'memset' is declared in header '<string.h>'
   86 | #include <limits.h>
   87 | #undef memset
configure:6111: $? = 0
configure:6111: result: yes
configure:6111: checking for printf
configure:6111: gcc -o conftest -g -O2  -static conftest.c  >&5
conftest.c:96:6: warning: conflicting types for built-in function 'printf'; expected 'int(const char *, ...)' [-Wbuiltin-declaration-mismatch]
   96 | char printf (void);
      |      ^~~~~~
conftest.c:88:1: note: 'printf' is declared in header '<stdio.h>'
   87 | #include <limits.h>
   88 | #undef printf
configure:6111: $? = 0
configure:6111: result: yes
configure:6111: checking for sprintf
configure:6111: gcc -o conftest -g -O2  -static conftest.c  >&5
conftest.c:97:6: warning: conflicting types for built-in function 'sprintf'; expected 'int(char *, const char *, ...)' [-Wbuiltin-declaration-mismatch]
   97 | char sprintf (void);
      |      ^~~~~~~
conftest.c:89:1: note: 'sprintf' is declared in header '<stdio.h>'
   88 | #include <limits.h>
   89 | #undef sprintf
configure:6111: $? = 0
configure:6111: result: yes
configure:6111: checking for vsnprintf
configure:6111: gcc -o conftest -g -O2  -static conftest.c  >&5
conftest.c:98:6: warning: conflicting types for built-in function 'vsnprintf'; expected 'int(char *, long unsigned int,  const char *, __va_list_tag *)' [-Wbuiltin-declaration-mismatch]
   98 | char vsnprintf (void);
      |      ^~~~~~~~~
conftest.c:90:1: note: 'vsnprintf' is declared in header '<stdio.h>'
   89 | #include <limits.h>
   90 | #undef vsnprintf
configure:6111: $? = 0
configure:6111: result: yes
configure:6111: checking for strerror
configure:6111: gcc -o conftest -g -O2  -static conftest.c  >&5
configure:6111: $? = 0
configure:6111: result: yes
configure:6111: checking for strlen
configure:6111: gcc -o conftest -g -O2  -static conftest.c  >&5
conftest.c:100:6: warning: conflicting types for built-in function 'strlen'; expected 'long unsigned int(const char *)' [-Wbuiltin-declaration-mismatch]
  100 | char strlen (void);
      |      ^~~~~~
conftest.c:92:1: note: 'strlen' is declared in header '<string.h>'
   91 | #include <limits.h>
   92 | #undef strlen
configure:6111: $? = 0
configure:6111: result: yes
configure:6111: checking for strncmp
configure:6111: gcc -o conftest -g -O2  -static conftest.c  >&5
conftest.c:101:6: warning: conflicting types for built-in function 'strncmp'; expected 'int(const char *, const char *, long unsigned int)' [-Wbuiltin-declaration-mismatch]
  101 | char strncmp (void);
      |      ^~~~~~~
conftest.c:93:1: note: 'strncmp' is declared in header '<string.h>'
   92 | #include <limits.h>
   93 | #undef strncmp
configure:6111: $? = 0
configure:6111: result: yes
configure:6111: checking for strstr
configure:6111: gcc -o conftest -g -O2  -static conftest.c  >&5
conftest.c:102:6: warning: conflicting types for built-in function 'strstr'; expected 'char *(const char *, const char *)' [-Wbuiltin-declaration-mismatch]
  102 | char strstr (void);
      |      ^~~~~~
conftest.c:94:1: note: 'strstr' is declared in header '<string.h>'
   93 | #include <limits.h>
   94 | #undef strstr
configure:6111: $? = 0
configure:6111: result: yes
configure:6111: checking for strtol
configure:6111: gcc -o conftest -g -O2  -static conftest.c  >&5
configure:6111: $? = 0
configure:6111: result: yes
configure:6111: checking for strtoul
configure:6111: gcc -o conftest -g -O2  -static conftest.c  >&5
configure:6111: $? = 0
configure:6111: result: yes
configure:6111: checking for fopen
configure:6111: gcc -o conftest -g -O2  -static conftest.c  >&5
configure:6111: $? = 0
configure:6111: result: yes
configure:6111: checking for fprintf
configure:6111: gcc -o conftest -g -O2  -static conftest.c  >&5
conftest.c:106:6: warning: conflicting types for built-in function 'fprintf'; expected 'int(void *, const char *, ...)' [-Wbuiltin-declaration-mismatch]
  106 | char fprintf (void);
      |      ^~~~~~~
conftest.c:98:1: note: 'fprintf' is declared in header '<stdio.h>'
   97 | #include <limits.h>
   98 | #undef fprintf
configure:6111: $? = 0
configure:6111: result: yes
configure:6111: checking for gettimeofday
configure:6111: gcc -o conftest -g -O2  -static conftest.c  >&5
configure:6111: $? = 0
configure:6111: result: yes
configure:6111: checking for close
configure:6111: gcc -o conftest -g -O2  -static conftest.c  >&5
configure:6111: $? = 0
configure:6111: result: yes
configure:6111: checking for fclose
configure:6111: gcc -o conftest -g -O2  -static conftest.c  >&5
configure:6111: $? = 0
configure:6111: result: yes
configure:6111: checking for exit
configure:6111: gcc -o conftest -g -O2  -static conftest.c  >&5
conftest.c:110:6: warning: conflicting types for built-in function 'exit'; expected 'void(int)' [-Wbuiltin-declaration-mismatch]
  110 | char exit (void);
      |      ^~~~
conftest.c:102:1: note: 'exit' is declared in header '<stdlib.h>'
  101 | #include <limits.h>
  102 | #undef exit
configure:6111: $? = 0
configure:6111: result: yes
configure:6111: checking for getopt_long
configure:6111: gcc -o conftest -g -O2  -static conftest.c  >&5
configure:6111: $? = 0
configure:6111: result: yes
configure:6128: checking for inet_ntoa
configure:6128: gcc -o conftest -g -O2  -static conftest.c  >&5
configure:6128: $? = 0
configure:6128: result: yes
configure:6203: checking for random device
configure:6221: result: /dev/random
configure:6360: checking for openssl/sha.h
configure:6360: gcc -c -g -O2  conftest.c >&5
configure:6360: $? = 0
configure:6360: result: yes
configure:6371: checking for library containing CRYPTO_new_ex_data
configure:6407: gcc -o conftest -g -O2  -static conftest.c  >&5
/usr/bin/ld: /tmp/cctpXWbS.o: in function `main':
/home/jhwink/Documents/ptunnel-ng/conftest.c:113:(.text.startup+0x5): undefined reference to `CRYPTO_new_ex_data'
collect2: error: ld returned 1 exit status
configure:6407: $? = 1
configure: failed program was:
| /* confdefs.h */
| #define PACKAGE_NAME "ptunnel-ng"
| #define PACKAGE_TARNAME "ptunnel-ng"
| #define PACKAGE_VERSION "1.42"
| #define PACKAGE_STRING "ptunnel-ng 1.42"
| #define PACKAGE_BUGREPORT ""
| #define PACKAGE_URL ""
| #define PACKAGE "ptunnel-ng"
| #define VERSION "1.42"
| #define HAVE_STDIO_H 1
| #define HAVE_STDLIB_H 1
| #define HAVE_STRING_H 1
| #define HAVE_INTTYPES_H 1
| #define HAVE_STDINT_H 1
| #define HAVE_STRINGS_H 1
| #define HAVE_SYS_STAT_H 1
| #define HAVE_SYS_TYPES_H 1
| #define HAVE_UNISTD_H 1
| #define HAVE_WCHAR_H 1
| #define STDC_HEADERS 1
| #define _ALL_SOURCE 1
| #define _DARWIN_C_SOURCE 1
| #define _GNU_SOURCE 1
| #define _HPUX_ALT_XOPEN_SOCKET_API 1
| #define _NETBSD_SOURCE 1
| #define _OPENBSD_SOURCE 1
| #define _POSIX_PTHREAD_SEMANTICS 1
| #define __STDC_WANT_IEC_60559_ATTRIBS_EXT__ 1
| #define __STDC_WANT_IEC_60559_BFP_EXT__ 1
| #define __STDC_WANT_IEC_60559_DFP_EXT__ 1
| #define __STDC_WANT_IEC_60559_EXT__ 1
| #define __STDC_WANT_IEC_60559_FUNCS_EXT__ 1
| #define __STDC_WANT_IEC_60559_TYPES_EXT__ 1
| #define __STDC_WANT_LIB_EXT2__ 1
| #define __STDC_WANT_MATH_SPEC_FUNCS__ 1
| #define _TANDEM_SOURCE 1
| #define __EXTENSIONS__ 1
| #define HAVE__BOOL 1
| #define HAVE_VPRINTF 1
| #define HAVE_STDARG_H 1
| #define HAVE_STDIO_H 1
| #define HAVE_UNISTD_H 1
| #define HAVE_STDLIB_H 1
| #define HAVE_STRING_H 1
| #define HAVE_STDINT_H 1
| #define HAVE_TIME_H 1
| #define HAVE_SIGNAL_H 1
| #define HAVE_ASSERT_H 1
| #define HAVE_SYS_UNISTD_H 1
| #define HAVE_SYS_TYPES_H 1
| #define HAVE_SYS_SOCKET_H 1
| #define HAVE_NETINET_IN_H 1
| #define HAVE_ARPA_INET_H 1
| #define HAVE_NETDB_H 1
| #define HAVE_PTHREAD_H 1
| #define HAVE_ERRNO_H 1
| #define HAVE_NET_ETHERNET_H 1
| #define HAVE_SYSLOG_H 1
| #define HAVE_PWD_H 1
| #define HAVE_GRP_H 1
| #define HAVE_SIGNAL 1
| #define HAVE_PTHREAD_MUTEX_INIT 1
| #define HAVE_PTHREAD_MUTEX_LOCK 1
| #define HAVE_PTHREAD_MUTEX_UNLOCK 1
| #define HAVE_SYSLOG 1
| #define HAVE_GETADDRINFO 1
| #define HAVE_FREEADDRINFO 1
| #define HAVE_GAI_STRERROR 1
| #define SIZEOF_CHAR 1
| #define SIZEOF_UINT8_T 1
| #define SIZEOF_UINT16_T 2
| #define SIZEOF_UINT32_T 4
| #define SIZEOF_INT 4
| #define HAVE_MALLOC 1
| #define HAVE_CALLOC 1
| #define HAVE_FREE 1
| #define HAVE_MEMCPY 1
| #define HAVE_MEMSET 1
| #define HAVE_PRINTF 1
| #define HAVE_SPRINTF 1
| #define HAVE_VSNPRINTF 1
| #define HAVE_STRERROR 1
| #define HAVE_STRLEN 1
| #define HAVE_STRNCMP 1
| #define HAVE_STRSTR 1
| #define HAVE_STRTOL 1
| #define HAVE_STRTOUL 1
| #define HAVE_FOPEN 1
| #define HAVE_FPRINTF 1
| #define HAVE_GETTIMEOFDAY 1
| #define HAVE_CLOSE 1
| #define HAVE_FCLOSE 1
| #define HAVE_EXIT 1
| #define HAVE_GETOPT_LONG 1
| #define HAVE_INET_NTOA 1
| #define RNGDEV "/dev/random"
| #define HAVE_OPENSSL_SHA_H 1
| /* end confdefs.h.  */
| 
| /* Override any GCC internal prototype to avoid an error.
|    Use char because int might match the return type of a GCC
|    builtin and then its argument prototype would still apply.
|    The 'extern "C"' is for builds by C++ compilers;
|    although this is not generally supported in C code supporting it here
|    has little cost and some practical benefit (sr 110532).  */
| #ifdef __cplusplus
| extern "C"
| #endif
| char CRYPTO_new_ex_data (void);
| int
| main (void)
| {
| return CRYPTO_new_ex_data ();
|   ;
|   return 0;
| }
configure:6407: gcc -o conftest -g -O2  -static conftest.c -lcrypto   >&5
/usr/bin/ld: /usr/lib/gcc/x86_64-linux-gnu/14/../../../x86_64-linux-gnu/libcrypto.a(libcrypto-lib-dso_dlfcn.o): in function `dlfcn_globallookup':
(.text+0x15): warning: Using 'dlopen' in statically linked applications requires at runtime the shared libraries from the glibc version used for linking
/usr/bin/ld: /usr/lib/gcc/x86_64-linux-gnu/14/../../../x86_64-linux-gnu/libcrypto.a(libcrypto-lib-bio_addr.o): in function `BIO_lookup_ex':
(.text+0xe37): warning: Using 'getaddrinfo' in statically linked applications requires at runtime the shared libraries from the glibc version used for linking
/usr/bin/ld: /usr/lib/gcc/x86_64-linux-gnu/14/../../../x86_64-linux-gnu/libcrypto.a(libcrypto-lib-bio_sock.o): in function `BIO_gethostbyname':
(.text+0x85): warning: Using 'gethostbyname' in statically linked applications requires at runtime the shared libraries from the glibc version used for linking
/usr/bin/ld: /usr/lib/gcc/x86_64-linux-gnu/14/../../../x86_64-linux-gnu/libcrypto.a(libcrypto-lib-c_zlib.o): in function `zlib_stateful_expand_block':
(.text+0x89): undefined reference to `inflate'
/usr/bin/ld: /usr/lib/gcc/x86_64-linux-gnu/14/../../../x86_64-linux-gnu/libcrypto.a(libcrypto-lib-c_zlib.o): in function `zlib_stateful_compress_block':
(.text+0x12a): undefined reference to `deflate'
/usr/bin/ld: /usr/lib/gcc/x86_64-linux-gnu/14/../../../x86_64-linux-gnu/libcrypto.a(libcrypto-lib-c_zlib.o): in function `zlib_stateful_finish':
(.text+0x15d): undefined reference to `inflateEnd'
/usr/bin/ld: (.text+0x166): undefined reference to `deflateEnd'
/usr/bin/ld: /usr/lib/gcc/x86_64-linux-gnu/14/../../../x86_64-linux-gnu/libcrypto.a(libcrypto-lib-c_zlib.o): in function `zlib_stateful_init':
(.text+0x241): undefined reference to `inflateInit_'
/usr/bin/ld: (.text+0x2ac): undefined reference to `deflateInit_'
/usr/bin/ld: /usr/lib/gcc/x86_64-linux-gnu/14/../../../x86_64-linux-gnu/libcrypto.a(libcrypto-lib-c_zlib.o): in function `bio_zlib_ctrl':
(.text+0x4a6): undefined reference to `zError'
/usr/bin/ld: (.text+0x598): undefined reference to `deflate'
/usr/bin/ld: /usr/lib/gcc/x86_64-linux-gnu/14/../../../x86_64-linux-gnu/libcrypto.a(libcrypto-lib-c_zlib.o): in function `bio_zlib_write':
(.text+0x858): undefined reference to `deflate'
/usr/bin/ld: (.text+0x8d6): undefined reference to `zError'
/usr/bin/ld: (.text+0x975): undefined reference to `deflateInit_'
/usr/bin/ld: /usr/lib/gcc/x86_64-linux-gnu/14/../../../x86_64-linux-gnu/libcrypto.a(libcrypto-lib-c_zlib.o): in function `bio_zlib_read':
(.text+0xa71): undefined reference to `inflate'
/usr/bin/ld: (.text+0xaf6): undefined reference to `zError'
/usr/bin/ld: (.text+0xb61): undefined reference to `inflateInit_'
/usr/bin/ld: /usr/lib/gcc/x86_64-linux-gnu/14/../../../x86_64-linux-gnu/libcrypto.a(libcrypto-lib-c_zlib.o): in function `zlib_oneshot_expand_block':
(.text+0xbf4): undefined reference to `uncompress'
/usr/bin/ld: /usr/lib/gcc/x86_64-linux-gnu/14/../../../x86_64-linux-gnu/libcrypto.a(libcrypto-lib-c_zlib.o): in function `zlib_oneshot_compress_block':
(.text+0xc74): undefined reference to `compress'
/usr/bin/ld: /usr/lib/gcc/x86_64-linux-gnu/14/../../../x86_64-linux-gnu/libcrypto.a(libcrypto-lib-c_zlib.o): in function `bio_zlib_free':
(.text+0xcce): undefined reference to `inflateEnd'
/usr/bin/ld: (.text+0xcf5): undefined reference to `deflateEnd'
/usr/bin/ld: /usr/lib/gcc/x86_64-linux-gnu/14/../../../x86_64-linux-gnu/libcrypto.a(libcrypto-lib-c_zstd.o): in function `zstd_stateful_expand_block':
(.text+0xaf): undefined reference to `ZSTD_decompressStream'
/usr/bin/ld: (.text+0xba): undefined reference to `ZSTD_isError'
/usr/bin/ld: /usr/lib/gcc/x86_64-linux-gnu/14/../../../x86_64-linux-gnu/libcrypto.a(libcrypto-lib-c_zstd.o): in function `zstd_stateful_compress_block':
(.text+0x188): undefined reference to `ZSTD_compressStream2'
/usr/bin/ld: (.text+0x190): undefined reference to `ZSTD_isError'
/usr/bin/ld: (.text+0x1cf): undefined reference to `ZSTD_endStream'
/usr/bin/ld: (.text+0x1d7): undefined reference to `ZSTD_isError'
/usr/bin/ld: (.text+0x1ff): undefined reference to `ZSTD_flushStream'
/usr/bin/ld: (.text+0x207): undefined reference to `ZSTD_isError'
/usr/bin/ld: /usr/lib/gcc/x86_64-linux-gnu/14/../../../x86_64-linux-gnu/libcrypto.a(libcrypto-lib-c_zstd.o): in function `zstd_stateful_finish':
(.text+0x23b): undefined reference to `ZSTD_freeCStream'
/usr/bin/ld: (.text+0x244): undefined reference to `ZSTD_freeDStream'
/usr/bin/ld: /usr/lib/gcc/x86_64-linux-gnu/14/../../../x86_64-linux-gnu/libcrypto.a(libcrypto-lib-c_zstd.o): in function `zstd_stateful_init':
(.text+0x313): undefined reference to `ZSTD_createCStream_advanced'
/usr/bin/ld: (.text+0x32c): undefined reference to `ZSTD_initCStream'
/usr/bin/ld: (.text+0x346): undefined reference to `ZSTD_createDStream_advanced'
/usr/bin/ld: (.text+0x35b): undefined reference to `ZSTD_initDStream'
/usr/bin/ld: (.text+0x384): undefined reference to `ZSTD_freeCStream'
/usr/bin/ld: (.text+0x38d): undefined reference to `ZSTD_freeDStream'
/usr/bin/ld: /usr/lib/gcc/x86_64-linux-gnu/14/../../../x86_64-linux-gnu/libcrypto.a(libcrypto-lib-c_zstd.o): in function `bio_zstd_new':
(.text+0x443): undefined reference to `ZSTD_createDStream_advanced'
/usr/bin/ld: (.text+0x457): undefined reference to `ZSTD_initDStream'
/usr/bin/ld: (.text+0x45c): undefined reference to `ZSTD_DStreamInSize'
/usr/bin/ld: (.text+0x47a): undefined reference to `ZSTD_createCStream_advanced'
/usr/bin/ld: (.text+0x494): undefined reference to `ZSTD_initCStream'
/usr/bin/ld: (.text+0x499): undefined reference to `ZSTD_CStreamInSize'
/usr/bin/ld: (.text+0x500): undefined reference to `ZSTD_freeDStream'
/usr/bin/ld: (.text+0x509): undefined reference to `ZSTD_freeCStream'
/usr/bin/ld: /usr/lib/gcc/x86_64-linux-gnu/14/../../../x86_64-linux-gnu/libcrypto.a(libcrypto-lib-c_zstd.o): in function `bio_zstd_ctrl':
(.text+0x6d4): undefined reference to `ZSTD_getErrorName'
/usr/bin/ld: (.text+0x780): undefined reference to `ZSTD_flushStream'
/usr/bin/ld: (.text+0x78b): undefined reference to `ZSTD_isError'
/usr/bin/ld: /usr/lib/gcc/x86_64-linux-gnu/14/../../../x86_64-linux-gnu/libcrypto.a(libcrypto-lib-c_zstd.o): in function `bio_zstd_write':
(.text+0x982): undefined reference to `ZSTD_compressStream2'
/usr/bin/ld: (.text+0x98d): undefined reference to `ZSTD_isError'
/usr/bin/ld: (.text+0xa04): undefined reference to `ZSTD_getErrorName'
/usr/bin/ld: /usr/lib/gcc/x86_64-linux-gnu/14/../../../x86_64-linux-gnu/libcrypto.a(libcrypto-lib-c_zstd.o): in function `bio_zstd_read':
(.text+0xba1): undefined reference to `ZSTD_decompressStream'
/usr/bin/ld: (.text+0xbac): undefined reference to `ZSTD_isError'
/usr/bin/ld: (.text+0xbe8): undefined reference to `ZSTD_getErrorName'
/usr/bin/ld: /usr/lib/gcc/x86_64-linux-gnu/14/../../../x86_64-linux-gnu/libcrypto.a(libcrypto-lib-c_zstd.o): in function `zstd_oneshot_expand_block':
(.text+0xd2e): undefined reference to `ZSTD_decompress'
/usr/bin/ld: (.text+0xd39): undefined reference to `ZSTD_isError'
/usr/bin/ld: /usr/lib/gcc/x86_64-linux-gnu/14/../../../x86_64-linux-gnu/libcrypto.a(libcrypto-lib-c_zstd.o): in function `zstd_oneshot_compress_block':
(.text+0xda4): undefined reference to `ZSTD_compress'
/usr/bin/ld: (.text+0xdaf): undefined reference to `ZSTD_isError'
/usr/bin/ld: /usr/lib/gcc/x86_64-linux-gnu/14/../../../x86_64-linux-gnu/libcrypto.a(libcrypto-lib-c_zstd.o): in function `bio_zstd_free':
(.text+0xe1c): undefined reference to `ZSTD_freeDStream'
/usr/bin/ld: (.text+0xe36): undefined reference to `ZSTD_freeCStream'
collect2: error: ld returned 1 exit status
configure:6407: $? = 1
configure: failed program was:
| /* confdefs.h */
| #define PACKAGE_NAME "ptunnel-ng"
| #define PACKAGE_TARNAME "ptunnel-ng"
| #define PACKAGE_VERSION "1.42"
| #define PACKAGE_STRING "ptunnel-ng 1.42"
| #define PACKAGE_BUGREPORT ""
| #define PACKAGE_URL ""
| #define PACKAGE "ptunnel-ng"
| #define VERSION "1.42"
| #define HAVE_STDIO_H 1
| #define HAVE_STDLIB_H 1
| #define HAVE_STRING_H 1
| #define HAVE_INTTYPES_H 1
| #define HAVE_STDINT_H 1
| #define HAVE_STRINGS_H 1
| #define HAVE_SYS_STAT_H 1
| #define HAVE_SYS_TYPES_H 1
| #define HAVE_UNISTD_H 1
| #define HAVE_WCHAR_H 1
| #define STDC_HEADERS 1
| #define _ALL_SOURCE 1
| #define _DARWIN_C_SOURCE 1
| #define _GNU_SOURCE 1
| #define _HPUX_ALT_XOPEN_SOCKET_API 1
| #define _NETBSD_SOURCE 1
| #define _OPENBSD_SOURCE 1
| #define _POSIX_PTHREAD_SEMANTICS 1
| #define __STDC_WANT_IEC_60559_ATTRIBS_EXT__ 1
| #define __STDC_WANT_IEC_60559_BFP_EXT__ 1
| #define __STDC_WANT_IEC_60559_DFP_EXT__ 1
| #define __STDC_WANT_IEC_60559_EXT__ 1
| #define __STDC_WANT_IEC_60559_FUNCS_EXT__ 1
| #define __STDC_WANT_IEC_60559_TYPES_EXT__ 1
| #define __STDC_WANT_LIB_EXT2__ 1
| #define __STDC_WANT_MATH_SPEC_FUNCS__ 1
| #define _TANDEM_SOURCE 1
| #define __EXTENSIONS__ 1
| #define HAVE__BOOL 1
| #define HAVE_VPRINTF 1
| #define HAVE_STDARG_H 1
| #define HAVE_STDIO_H 1
| #define HAVE_UNISTD_H 1
| #define HAVE_STDLIB_H 1
| #define HAVE_STRING_H 1
| #define HAVE_STDINT_H 1
| #define HAVE_TIME_H 1
| #define HAVE_SIGNAL_H 1
| #define HAVE_ASSERT_H 1
| #define HAVE_SYS_UNISTD_H 1
| #define HAVE_SYS_TYPES_H 1
| #define HAVE_SYS_SOCKET_H 1
| #define HAVE_NETINET_IN_H 1
| #define HAVE_ARPA_INET_H 1
| #define HAVE_NETDB_H 1
| #define HAVE_PTHREAD_H 1
| #define HAVE_ERRNO_H 1
| #define HAVE_NET_ETHERNET_H 1
| #define HAVE_SYSLOG_H 1
| #define HAVE_PWD_H 1
| #define HAVE_GRP_H 1
| #define HAVE_SIGNAL 1
| #define HAVE_PTHREAD_MUTEX_INIT 1
| #define HAVE_PTHREAD_MUTEX_LOCK 1
| #define HAVE_PTHREAD_MUTEX_UNLOCK 1
| #define HAVE_SYSLOG 1
| #define HAVE_GETADDRINFO 1
| #define HAVE_FREEADDRINFO 1
| #define HAVE_GAI_STRERROR 1
| #define SIZEOF_CHAR 1
| #define SIZEOF_UINT8_T 1
| #define SIZEOF_UINT16_T 2
| #define SIZEOF_UINT32_T 4
| #define SIZEOF_INT 4
| #define HAVE_MALLOC 1
| #define HAVE_CALLOC 1
| #define HAVE_FREE 1
| #define HAVE_MEMCPY 1
| #define HAVE_MEMSET 1
| #define HAVE_PRINTF 1
| #define HAVE_SPRINTF 1
| #define HAVE_VSNPRINTF 1
| #define HAVE_STRERROR 1
| #define HAVE_STRLEN 1
| #define HAVE_STRNCMP 1
| #define HAVE_STRSTR 1
| #define HAVE_STRTOL 1
| #define HAVE_STRTOUL 1
| #define HAVE_FOPEN 1
| #define HAVE_FPRINTF 1
| #define HAVE_GETTIMEOFDAY 1
| #define HAVE_CLOSE 1
| #define HAVE_FCLOSE 1
| #define HAVE_EXIT 1
| #define HAVE_GETOPT_LONG 1
| #define HAVE_INET_NTOA 1
| #define RNGDEV "/dev/random"
| #define HAVE_OPENSSL_SHA_H 1
| /* end confdefs.h.  */
| 
| /* Override any GCC internal prototype to avoid an error.
|    Use char because int might match the return type of a GCC
|    builtin and then its argument prototype would still apply.
|    The 'extern "C"' is for builds by C++ compilers;
|    although this is not generally supported in C code supporting it here
|    has little cost and some practical benefit (sr 110532).  */
| #ifdef __cplusplus
| extern "C"
| #endif
| char CRYPTO_new_ex_data (void);
| int
| main (void)
| {
| return CRYPTO_new_ex_data ();
|   ;
|   return 0;
| }
configure:6429: result: no
configure:6444: checking for bsd/stdlib.h
configure:6444: gcc -c -g -O2  conftest.c >&5
conftest.c:127:10: fatal error: bsd/stdlib.h: No such file or directory
  127 | #include <bsd/stdlib.h>
      |          ^~~~~~~~~~~~~~
compilation terminated.
configure:6444: $? = 1
configure: failed program was:
| /* confdefs.h */
| #define PACKAGE_NAME "ptunnel-ng"
| #define PACKAGE_TARNAME "ptunnel-ng"
| #define PACKAGE_VERSION "1.42"
| #define PACKAGE_STRING "ptunnel-ng 1.42"
| #define PACKAGE_BUGREPORT ""
| #define PACKAGE_URL ""
| #define PACKAGE "ptunnel-ng"
| #define VERSION "1.42"
| #define HAVE_STDIO_H 1
| #define HAVE_STDLIB_H 1
| #define HAVE_STRING_H 1
| #define HAVE_INTTYPES_H 1
| #define HAVE_STDINT_H 1
| #define HAVE_STRINGS_H 1
| #define HAVE_SYS_STAT_H 1
| #define HAVE_SYS_TYPES_H 1
| #define HAVE_UNISTD_H 1
| #define HAVE_WCHAR_H 1
| #define STDC_HEADERS 1
| #define _ALL_SOURCE 1
| #define _DARWIN_C_SOURCE 1
| #define _GNU_SOURCE 1
| #define _HPUX_ALT_XOPEN_SOCKET_API 1
| #define _NETBSD_SOURCE 1
| #define _OPENBSD_SOURCE 1
| #define _POSIX_PTHREAD_SEMANTICS 1
| #define __STDC_WANT_IEC_60559_ATTRIBS_EXT__ 1
| #define __STDC_WANT_IEC_60559_BFP_EXT__ 1
| #define __STDC_WANT_IEC_60559_DFP_EXT__ 1
| #define __STDC_WANT_IEC_60559_EXT__ 1
| #define __STDC_WANT_IEC_60559_FUNCS_EXT__ 1
| #define __STDC_WANT_IEC_60559_TYPES_EXT__ 1
| #define __STDC_WANT_LIB_EXT2__ 1
| #define __STDC_WANT_MATH_SPEC_FUNCS__ 1
| #define _TANDEM_SOURCE 1
| #define __EXTENSIONS__ 1
| #define HAVE__BOOL 1
| #define HAVE_VPRINTF 1
| #define HAVE_STDARG_H 1
| #define HAVE_STDIO_H 1
| #define HAVE_UNISTD_H 1
| #define HAVE_STDLIB_H 1
| #define HAVE_STRING_H 1
| #define HAVE_STDINT_H 1
| #define HAVE_TIME_H 1
| #define HAVE_SIGNAL_H 1
| #define HAVE_ASSERT_H 1
| #define HAVE_SYS_UNISTD_H 1
| #define HAVE_SYS_TYPES_H 1
| #define HAVE_SYS_SOCKET_H 1
| #define HAVE_NETINET_IN_H 1
| #define HAVE_ARPA_INET_H 1
| #define HAVE_NETDB_H 1
| #define HAVE_PTHREAD_H 1
| #define HAVE_ERRNO_H 1
| #define HAVE_NET_ETHERNET_H 1
| #define HAVE_SYSLOG_H 1
| #define HAVE_PWD_H 1
| #define HAVE_GRP_H 1
| #define HAVE_SIGNAL 1
| #define HAVE_PTHREAD_MUTEX_INIT 1
| #define HAVE_PTHREAD_MUTEX_LOCK 1
| #define HAVE_PTHREAD_MUTEX_UNLOCK 1
| #define HAVE_SYSLOG 1
| #define HAVE_GETADDRINFO 1
| #define HAVE_FREEADDRINFO 1
| #define HAVE_GAI_STRERROR 1
| #define SIZEOF_CHAR 1
| #define SIZEOF_UINT8_T 1
| #define SIZEOF_UINT16_T 2
| #define SIZEOF_UINT32_T 4
| #define SIZEOF_INT 4
| #define HAVE_MALLOC 1
| #define HAVE_CALLOC 1
| #define HAVE_FREE 1
| #define HAVE_MEMCPY 1
| #define HAVE_MEMSET 1
| #define HAVE_PRINTF 1
| #define HAVE_SPRINTF 1
| #define HAVE_VSNPRINTF 1
| #define HAVE_STRERROR 1
| #define HAVE_STRLEN 1
| #define HAVE_STRNCMP 1
| #define HAVE_STRSTR 1
| #define HAVE_STRTOL 1
| #define HAVE_STRTOUL 1
| #define HAVE_FOPEN 1
| #define HAVE_FPRINTF 1
| #define HAVE_GETTIMEOFDAY 1
| #define HAVE_CLOSE 1
| #define HAVE_FCLOSE 1
| #define HAVE_EXIT 1
| #define HAVE_GETOPT_LONG 1
| #define HAVE_INET_NTOA 1
| #define RNGDEV "/dev/random"
| #define HAVE_OPENSSL_SHA_H 1
| /* end confdefs.h.  */
| #include <stddef.h>
| #ifdef HAVE_STDIO_H
| # include <stdio.h>
| #endif
| #ifdef HAVE_STDLIB_H
| # include <stdlib.h>
| #endif
| #ifdef HAVE_STRING_H
| # include <string.h>
| #endif
| #ifdef HAVE_INTTYPES_H
| # include <inttypes.h>
| #endif
| #ifdef HAVE_STDINT_H
| # include <stdint.h>
| #endif
| #ifdef HAVE_STRINGS_H
| # include <strings.h>
| #endif
| #ifdef HAVE_SYS_TYPES_H
| # include <sys/types.h>
| #endif
| #ifdef HAVE_SYS_STAT_H
| # include <sys/stat.h>
| #endif
| #ifdef HAVE_UNISTD_H
| # include <unistd.h>
| #endif
| #include <bsd/stdlib.h>
configure:6444: result: no
configure:6451: checking for library containing arc4random
configure:6487: gcc -o conftest -g -O2  -static conftest.c  >&5
configure:6487: $? = 0
configure:6509: result: none required
configure:6521: checking for arc4random
configure:6521: gcc -o conftest -g -O2  -static conftest.c  >&5
configure:6521: $? = 0
configure:6521: result: yes
configure:6534: checking for selinux/selinux.h
configure:6534: gcc -c -g -O2  conftest.c >&5
conftest.c:128:10: fatal error: selinux/selinux.h: No such file or directory
  128 | #include <selinux/selinux.h>
      |          ^~~~~~~~~~~~~~~~~~~
compilation terminated.
configure:6534: $? = 1
configure: failed program was:
| /* confdefs.h */
| #define PACKAGE_NAME "ptunnel-ng"
| #define PACKAGE_TARNAME "ptunnel-ng"
| #define PACKAGE_VERSION "1.42"
| #define PACKAGE_STRING "ptunnel-ng 1.42"
| #define PACKAGE_BUGREPORT ""
| #define PACKAGE_URL ""
| #define PACKAGE "ptunnel-ng"
| #define VERSION "1.42"
| #define HAVE_STDIO_H 1
| #define HAVE_STDLIB_H 1
| #define HAVE_STRING_H 1
| #define HAVE_INTTYPES_H 1
| #define HAVE_STDINT_H 1
| #define HAVE_STRINGS_H 1
| #define HAVE_SYS_STAT_H 1
| #define HAVE_SYS_TYPES_H 1
| #define HAVE_UNISTD_H 1
| #define HAVE_WCHAR_H 1
| #define STDC_HEADERS 1
| #define _ALL_SOURCE 1
| #define _DARWIN_C_SOURCE 1
| #define _GNU_SOURCE 1
| #define _HPUX_ALT_XOPEN_SOCKET_API 1
| #define _NETBSD_SOURCE 1
| #define _OPENBSD_SOURCE 1
| #define _POSIX_PTHREAD_SEMANTICS 1
| #define __STDC_WANT_IEC_60559_ATTRIBS_EXT__ 1
| #define __STDC_WANT_IEC_60559_BFP_EXT__ 1
| #define __STDC_WANT_IEC_60559_DFP_EXT__ 1
| #define __STDC_WANT_IEC_60559_EXT__ 1
| #define __STDC_WANT_IEC_60559_FUNCS_EXT__ 1
| #define __STDC_WANT_IEC_60559_TYPES_EXT__ 1
| #define __STDC_WANT_LIB_EXT2__ 1
| #define __STDC_WANT_MATH_SPEC_FUNCS__ 1
| #define _TANDEM_SOURCE 1
| #define __EXTENSIONS__ 1
| #define HAVE__BOOL 1
| #define HAVE_VPRINTF 1
| #define HAVE_STDARG_H 1
| #define HAVE_STDIO_H 1
| #define HAVE_UNISTD_H 1
| #define HAVE_STDLIB_H 1
| #define HAVE_STRING_H 1
| #define HAVE_STDINT_H 1
| #define HAVE_TIME_H 1
| #define HAVE_SIGNAL_H 1
| #define HAVE_ASSERT_H 1
| #define HAVE_SYS_UNISTD_H 1
| #define HAVE_SYS_TYPES_H 1
| #define HAVE_SYS_SOCKET_H 1
| #define HAVE_NETINET_IN_H 1
| #define HAVE_ARPA_INET_H 1
| #define HAVE_NETDB_H 1
| #define HAVE_PTHREAD_H 1
| #define HAVE_ERRNO_H 1
| #define HAVE_NET_ETHERNET_H 1
| #define HAVE_SYSLOG_H 1
| #define HAVE_PWD_H 1
| #define HAVE_GRP_H 1
| #define HAVE_SIGNAL 1
| #define HAVE_PTHREAD_MUTEX_INIT 1
| #define HAVE_PTHREAD_MUTEX_LOCK 1
| #define HAVE_PTHREAD_MUTEX_UNLOCK 1
| #define HAVE_SYSLOG 1
| #define HAVE_GETADDRINFO 1
| #define HAVE_FREEADDRINFO 1
| #define HAVE_GAI_STRERROR 1
| #define SIZEOF_CHAR 1
| #define SIZEOF_UINT8_T 1
| #define SIZEOF_UINT16_T 2
| #define SIZEOF_UINT32_T 4
| #define SIZEOF_INT 4
| #define HAVE_MALLOC 1
| #define HAVE_CALLOC 1
| #define HAVE_FREE 1
| #define HAVE_MEMCPY 1
| #define HAVE_MEMSET 1
| #define HAVE_PRINTF 1
| #define HAVE_SPRINTF 1
| #define HAVE_VSNPRINTF 1
| #define HAVE_STRERROR 1
| #define HAVE_STRLEN 1
| #define HAVE_STRNCMP 1
| #define HAVE_STRSTR 1
| #define HAVE_STRTOL 1
| #define HAVE_STRTOUL 1
| #define HAVE_FOPEN 1
| #define HAVE_FPRINTF 1
| #define HAVE_GETTIMEOFDAY 1
| #define HAVE_CLOSE 1
| #define HAVE_FCLOSE 1
| #define HAVE_EXIT 1
| #define HAVE_GETOPT_LONG 1
| #define HAVE_INET_NTOA 1
| #define RNGDEV "/dev/random"
| #define HAVE_OPENSSL_SHA_H 1
| #define HAVE_ARC4RANDOM 1
| /* end confdefs.h.  */
| #include <stddef.h>
| #ifdef HAVE_STDIO_H
| # include <stdio.h>
| #endif
| #ifdef HAVE_STDLIB_H
| # include <stdlib.h>
| #endif
| #ifdef HAVE_STRING_H
| # include <string.h>
| #endif
| #ifdef HAVE_INTTYPES_H
| # include <inttypes.h>
| #endif
| #ifdef HAVE_STDINT_H
| # include <stdint.h>
| #endif
| #ifdef HAVE_STRINGS_H
| # include <strings.h>
| #endif
| #ifdef HAVE_SYS_TYPES_H
| # include <sys/types.h>
| #endif
| #ifdef HAVE_SYS_STAT_H
| # include <sys/stat.h>
| #endif
| #ifdef HAVE_UNISTD_H
| # include <unistd.h>
| #endif
| #include <selinux/selinux.h>
configure:6534: result: no
configure:6545: checking for library containing setcon
configure:6581: gcc -o conftest -g -O2  -static conftest.c  >&5
/usr/bin/ld: /tmp/cctfJIlB.o: in function `main':
/home/jhwink/Documents/ptunnel-ng/conftest.c:114:(.text.startup+0x5): undefined reference to `setcon'
collect2: error: ld returned 1 exit status
configure:6581: $? = 1
configure: failed program was:
| /* confdefs.h */
| #define PACKAGE_NAME "ptunnel-ng"
| #define PACKAGE_TARNAME "ptunnel-ng"
| #define PACKAGE_VERSION "1.42"
| #define PACKAGE_STRING "ptunnel-ng 1.42"
| #define PACKAGE_BUGREPORT ""
| #define PACKAGE_URL ""
| #define PACKAGE "ptunnel-ng"
| #define VERSION "1.42"
| #define HAVE_STDIO_H 1
| #define HAVE_STDLIB_H 1
| #define HAVE_STRING_H 1
| #define HAVE_INTTYPES_H 1
| #define HAVE_STDINT_H 1
| #define HAVE_STRINGS_H 1
| #define HAVE_SYS_STAT_H 1
| #define HAVE_SYS_TYPES_H 1
| #define HAVE_UNISTD_H 1
| #define HAVE_WCHAR_H 1
| #define STDC_HEADERS 1
| #define _ALL_SOURCE 1
| #define _DARWIN_C_SOURCE 1
| #define _GNU_SOURCE 1
| #define _HPUX_ALT_XOPEN_SOCKET_API 1
| #define _NETBSD_SOURCE 1
| #define _OPENBSD_SOURCE 1
| #define _POSIX_PTHREAD_SEMANTICS 1
| #define __STDC_WANT_IEC_60559_ATTRIBS_EXT__ 1
| #define __STDC_WANT_IEC_60559_BFP_EXT__ 1
| #define __STDC_WANT_IEC_60559_DFP_EXT__ 1
| #define __STDC_WANT_IEC_60559_EXT__ 1
| #define __STDC_WANT_IEC_60559_FUNCS_EXT__ 1
| #define __STDC_WANT_IEC_60559_TYPES_EXT__ 1
| #define __STDC_WANT_LIB_EXT2__ 1
| #define __STDC_WANT_MATH_SPEC_FUNCS__ 1
| #define _TANDEM_SOURCE 1
| #define __EXTENSIONS__ 1
| #define HAVE__BOOL 1
| #define HAVE_VPRINTF 1
| #define HAVE_STDARG_H 1
| #define HAVE_STDIO_H 1
| #define HAVE_UNISTD_H 1
| #define HAVE_STDLIB_H 1
| #define HAVE_STRING_H 1
| #define HAVE_STDINT_H 1
| #define HAVE_TIME_H 1
| #define HAVE_SIGNAL_H 1
| #define HAVE_ASSERT_H 1
| #define HAVE_SYS_UNISTD_H 1
| #define HAVE_SYS_TYPES_H 1
| #define HAVE_SYS_SOCKET_H 1
| #define HAVE_NETINET_IN_H 1
| #define HAVE_ARPA_INET_H 1
| #define HAVE_NETDB_H 1
| #define HAVE_PTHREAD_H 1
| #define HAVE_ERRNO_H 1
| #define HAVE_NET_ETHERNET_H 1
| #define HAVE_SYSLOG_H 1
| #define HAVE_PWD_H 1
| #define HAVE_GRP_H 1
| #define HAVE_SIGNAL 1
| #define HAVE_PTHREAD_MUTEX_INIT 1
| #define HAVE_PTHREAD_MUTEX_LOCK 1
| #define HAVE_PTHREAD_MUTEX_UNLOCK 1
| #define HAVE_SYSLOG 1
| #define HAVE_GETADDRINFO 1
| #define HAVE_FREEADDRINFO 1
| #define HAVE_GAI_STRERROR 1
| #define SIZEOF_CHAR 1
| #define SIZEOF_UINT8_T 1
| #define SIZEOF_UINT16_T 2
| #define SIZEOF_UINT32_T 4
| #define SIZEOF_INT 4
| #define HAVE_MALLOC 1
| #define HAVE_CALLOC 1
| #define HAVE_FREE 1
| #define HAVE_MEMCPY 1
| #define HAVE_MEMSET 1
| #define HAVE_PRINTF 1
| #define HAVE_SPRINTF 1
| #define HAVE_VSNPRINTF 1
| #define HAVE_STRERROR 1
| #define HAVE_STRLEN 1
| #define HAVE_STRNCMP 1
| #define HAVE_STRSTR 1
| #define HAVE_STRTOL 1
| #define HAVE_STRTOUL 1
| #define HAVE_FOPEN 1
| #define HAVE_FPRINTF 1
| #define HAVE_GETTIMEOFDAY 1
| #define HAVE_CLOSE 1
| #define HAVE_FCLOSE 1
| #define HAVE_EXIT 1
| #define HAVE_GETOPT_LONG 1
| #define HAVE_INET_NTOA 1
| #define RNGDEV "/dev/random"
| #define HAVE_OPENSSL_SHA_H 1
| #define HAVE_ARC4RANDOM 1
| /* end confdefs.h.  */
| 
| /* Override any GCC internal prototype to avoid an error.
|    Use char because int might match the return type of a GCC
|    builtin and then its argument prototype would still apply.
|    The 'extern "C"' is for builds by C++ compilers;
|    although this is not generally supported in C code supporting it here
|    has little cost and some practical benefit (sr 110532).  */
| #ifdef __cplusplus
| extern "C"
| #endif
| char setcon (void);
| int
| main (void)
| {
| return setcon ();
|   ;
|   return 0;
| }
configure:6581: gcc -o conftest -g -O2  -static conftest.c -lselinux   >&5
/usr/bin/ld: cannot find -lselinux: No such file or directory
/usr/bin/ld: have you installed the static version of the selinux library ?
collect2: error: ld returned 1 exit status
configure:6581: $? = 1
configure: failed program was:
| /* confdefs.h */
| #define PACKAGE_NAME "ptunnel-ng"
| #define PACKAGE_TARNAME "ptunnel-ng"
| #define PACKAGE_VERSION "1.42"
| #define PACKAGE_STRING "ptunnel-ng 1.42"
| #define PACKAGE_BUGREPORT ""
| #define PACKAGE_URL ""
| #define PACKAGE "ptunnel-ng"
| #define VERSION "1.42"
| #define HAVE_STDIO_H 1
| #define HAVE_STDLIB_H 1
| #define HAVE_STRING_H 1
| #define HAVE_INTTYPES_H 1
| #define HAVE_STDINT_H 1
| #define HAVE_STRINGS_H 1
| #define HAVE_SYS_STAT_H 1
| #define HAVE_SYS_TYPES_H 1
| #define HAVE_UNISTD_H 1
| #define HAVE_WCHAR_H 1
| #define STDC_HEADERS 1
| #define _ALL_SOURCE 1
| #define _DARWIN_C_SOURCE 1
| #define _GNU_SOURCE 1
| #define _HPUX_ALT_XOPEN_SOCKET_API 1
| #define _NETBSD_SOURCE 1
| #define _OPENBSD_SOURCE 1
| #define _POSIX_PTHREAD_SEMANTICS 1
| #define __STDC_WANT_IEC_60559_ATTRIBS_EXT__ 1
| #define __STDC_WANT_IEC_60559_BFP_EXT__ 1
| #define __STDC_WANT_IEC_60559_DFP_EXT__ 1
| #define __STDC_WANT_IEC_60559_EXT__ 1
| #define __STDC_WANT_IEC_60559_FUNCS_EXT__ 1
| #define __STDC_WANT_IEC_60559_TYPES_EXT__ 1
| #define __STDC_WANT_LIB_EXT2__ 1
| #define __STDC_WANT_MATH_SPEC_FUNCS__ 1
| #define _TANDEM_SOURCE 1
| #define __EXTENSIONS__ 1
| #define HAVE__BOOL 1
| #define HAVE_VPRINTF 1
| #define HAVE_STDARG_H 1
| #define HAVE_STDIO_H 1
| #define HAVE_UNISTD_H 1
| #define HAVE_STDLIB_H 1
| #define HAVE_STRING_H 1
| #define HAVE_STDINT_H 1
| #define HAVE_TIME_H 1
| #define HAVE_SIGNAL_H 1
| #define HAVE_ASSERT_H 1
| #define HAVE_SYS_UNISTD_H 1
| #define HAVE_SYS_TYPES_H 1
| #define HAVE_SYS_SOCKET_H 1
| #define HAVE_NETINET_IN_H 1
| #define HAVE_ARPA_INET_H 1
| #define HAVE_NETDB_H 1
| #define HAVE_PTHREAD_H 1
| #define HAVE_ERRNO_H 1
| #define HAVE_NET_ETHERNET_H 1
| #define HAVE_SYSLOG_H 1
| #define HAVE_PWD_H 1
| #define HAVE_GRP_H 1
| #define HAVE_SIGNAL 1
| #define HAVE_PTHREAD_MUTEX_INIT 1
| #define HAVE_PTHREAD_MUTEX_LOCK 1
| #define HAVE_PTHREAD_MUTEX_UNLOCK 1
| #define HAVE_SYSLOG 1
| #define HAVE_GETADDRINFO 1
| #define HAVE_FREEADDRINFO 1
| #define HAVE_GAI_STRERROR 1
| #define SIZEOF_CHAR 1
| #define SIZEOF_UINT8_T 1
| #define SIZEOF_UINT16_T 2
| #define SIZEOF_UINT32_T 4
| #define SIZEOF_INT 4
| #define HAVE_MALLOC 1
| #define HAVE_CALLOC 1
| #define HAVE_FREE 1
| #define HAVE_MEMCPY 1
| #define HAVE_MEMSET 1
| #define HAVE_PRINTF 1
| #define HAVE_SPRINTF 1
| #define HAVE_VSNPRINTF 1
| #define HAVE_STRERROR 1
| #define HAVE_STRLEN 1
| #define HAVE_STRNCMP 1
| #define HAVE_STRSTR 1
| #define HAVE_STRTOL 1
| #define HAVE_STRTOUL 1
| #define HAVE_FOPEN 1
| #define HAVE_FPRINTF 1
| #define HAVE_GETTIMEOFDAY 1
| #define HAVE_CLOSE 1
| #define HAVE_FCLOSE 1
| #define HAVE_EXIT 1
| #define HAVE_GETOPT_LONG 1
| #define HAVE_INET_NTOA 1
| #define RNGDEV "/dev/random"
| #define HAVE_OPENSSL_SHA_H 1
| #define HAVE_ARC4RANDOM 1
| /* end confdefs.h.  */
| 
| /* Override any GCC internal prototype to avoid an error.
|    Use char because int might match the return type of a GCC
|    builtin and then its argument prototype would still apply.
|    The 'extern "C"' is for builds by C++ compilers;
|    although this is not generally supported in C code supporting it here
|    has little cost and some practical benefit (sr 110532).  */
| #ifdef __cplusplus
| extern "C"
| #endif
| char setcon (void);
| int
| main (void)
| {
| return setcon ();
|   ;
|   return 0;
| }
configure:6603: result: no
configure:6617: checking for working ICMP_FILTER
configure:6641: gcc -c -g -O2  conftest.c >&5
configure:6641: $? = 0
configure:6643: result: yes
configure:6655: checking for library containing __android_log_vprint
configure:6691: gcc -o conftest -g -O2  -static conftest.c  >&5
/usr/bin/ld: /tmp/cclb9MpY.o: in function `main':
/home/jhwink/Documents/ptunnel-ng/conftest.c:114:(.text.startup+0x5): undefined reference to `__android_log_vprint'
collect2: error: ld returned 1 exit status
configure:6691: $? = 1
configure: failed program was:
| /* confdefs.h */
| #define PACKAGE_NAME "ptunnel-ng"
| #define PACKAGE_TARNAME "ptunnel-ng"
| #define PACKAGE_VERSION "1.42"
| #define PACKAGE_STRING "ptunnel-ng 1.42"
| #define PACKAGE_BUGREPORT ""
| #define PACKAGE_URL ""
| #define PACKAGE "ptunnel-ng"
| #define VERSION "1.42"
| #define HAVE_STDIO_H 1
| #define HAVE_STDLIB_H 1
| #define HAVE_STRING_H 1
| #define HAVE_INTTYPES_H 1
| #define HAVE_STDINT_H 1
| #define HAVE_STRINGS_H 1
| #define HAVE_SYS_STAT_H 1
| #define HAVE_SYS_TYPES_H 1
| #define HAVE_UNISTD_H 1
| #define HAVE_WCHAR_H 1
| #define STDC_HEADERS 1
| #define _ALL_SOURCE 1
| #define _DARWIN_C_SOURCE 1
| #define _GNU_SOURCE 1
| #define _HPUX_ALT_XOPEN_SOCKET_API 1
| #define _NETBSD_SOURCE 1
| #define _OPENBSD_SOURCE 1
| #define _POSIX_PTHREAD_SEMANTICS 1
| #define __STDC_WANT_IEC_60559_ATTRIBS_EXT__ 1
| #define __STDC_WANT_IEC_60559_BFP_EXT__ 1
| #define __STDC_WANT_IEC_60559_DFP_EXT__ 1
| #define __STDC_WANT_IEC_60559_EXT__ 1
| #define __STDC_WANT_IEC_60559_FUNCS_EXT__ 1
| #define __STDC_WANT_IEC_60559_TYPES_EXT__ 1
| #define __STDC_WANT_LIB_EXT2__ 1
| #define __STDC_WANT_MATH_SPEC_FUNCS__ 1
| #define _TANDEM_SOURCE 1
| #define __EXTENSIONS__ 1
| #define HAVE__BOOL 1
| #define HAVE_VPRINTF 1
| #define HAVE_STDARG_H 1
| #define HAVE_STDIO_H 1
| #define HAVE_UNISTD_H 1
| #define HAVE_STDLIB_H 1
| #define HAVE_STRING_H 1
| #define HAVE_STDINT_H 1
| #define HAVE_TIME_H 1
| #define HAVE_SIGNAL_H 1
| #define HAVE_ASSERT_H 1
| #define HAVE_SYS_UNISTD_H 1
| #define HAVE_SYS_TYPES_H 1
| #define HAVE_SYS_SOCKET_H 1
| #define HAVE_NETINET_IN_H 1
| #define HAVE_ARPA_INET_H 1
| #define HAVE_NETDB_H 1
| #define HAVE_PTHREAD_H 1
| #define HAVE_ERRNO_H 1
| #define HAVE_NET_ETHERNET_H 1
| #define HAVE_SYSLOG_H 1
| #define HAVE_PWD_H 1
| #define HAVE_GRP_H 1
| #define HAVE_SIGNAL 1
| #define HAVE_PTHREAD_MUTEX_INIT 1
| #define HAVE_PTHREAD_MUTEX_LOCK 1
| #define HAVE_PTHREAD_MUTEX_UNLOCK 1
| #define HAVE_SYSLOG 1
| #define HAVE_GETADDRINFO 1
| #define HAVE_FREEADDRINFO 1
| #define HAVE_GAI_STRERROR 1
| #define SIZEOF_CHAR 1
| #define SIZEOF_UINT8_T 1
| #define SIZEOF_UINT16_T 2
| #define SIZEOF_UINT32_T 4
| #define SIZEOF_INT 4
| #define HAVE_MALLOC 1
| #define HAVE_CALLOC 1
| #define HAVE_FREE 1
| #define HAVE_MEMCPY 1
| #define HAVE_MEMSET 1
| #define HAVE_PRINTF 1
| #define HAVE_SPRINTF 1
| #define HAVE_VSNPRINTF 1
| #define HAVE_STRERROR 1
| #define HAVE_STRLEN 1
| #define HAVE_STRNCMP 1
| #define HAVE_STRSTR 1
| #define HAVE_STRTOL 1
| #define HAVE_STRTOUL 1
| #define HAVE_FOPEN 1
| #define HAVE_FPRINTF 1
| #define HAVE_GETTIMEOFDAY 1
| #define HAVE_CLOSE 1
| #define HAVE_FCLOSE 1
| #define HAVE_EXIT 1
| #define HAVE_GETOPT_LONG 1
| #define HAVE_INET_NTOA 1
| #define RNGDEV "/dev/random"
| #define HAVE_OPENSSL_SHA_H 1
| #define HAVE_ARC4RANDOM 1
| /* end confdefs.h.  */
| 
| /* Override any GCC internal prototype to avoid an error.
|    Use char because int might match the return type of a GCC
|    builtin and then its argument prototype would still apply.
|    The 'extern "C"' is for builds by C++ compilers;
|    although this is not generally supported in C code supporting it here
|    has little cost and some practical benefit (sr 110532).  */
| #ifdef __cplusplus
| extern "C"
| #endif
| char __android_log_vprint (void);
| int
| main (void)
| {
| return __android_log_vprint ();
|   ;
|   return 0;
| }
configure:6691: gcc -o conftest -g -O2  -static conftest.c -llog   >&5
/usr/bin/ld: cannot find -llog: No such file or directory
/usr/bin/ld: have you installed the static version of the log library ?
collect2: error: ld returned 1 exit status
configure:6691: $? = 1
configure: failed program was:
| /* confdefs.h */
| #define PACKAGE_NAME "ptunnel-ng"
| #define PACKAGE_TARNAME "ptunnel-ng"
| #define PACKAGE_VERSION "1.42"
| #define PACKAGE_STRING "ptunnel-ng 1.42"
| #define PACKAGE_BUGREPORT ""
| #define PACKAGE_URL ""
| #define PACKAGE "ptunnel-ng"
| #define VERSION "1.42"
| #define HAVE_STDIO_H 1
| #define HAVE_STDLIB_H 1
| #define HAVE_STRING_H 1
| #define HAVE_INTTYPES_H 1
| #define HAVE_STDINT_H 1
| #define HAVE_STRINGS_H 1
| #define HAVE_SYS_STAT_H 1
| #define HAVE_SYS_TYPES_H 1
| #define HAVE_UNISTD_H 1
| #define HAVE_WCHAR_H 1
| #define STDC_HEADERS 1
| #define _ALL_SOURCE 1
| #define _DARWIN_C_SOURCE 1
| #define _GNU_SOURCE 1
| #define _HPUX_ALT_XOPEN_SOCKET_API 1
| #define _NETBSD_SOURCE 1
| #define _OPENBSD_SOURCE 1
| #define _POSIX_PTHREAD_SEMANTICS 1
| #define __STDC_WANT_IEC_60559_ATTRIBS_EXT__ 1
| #define __STDC_WANT_IEC_60559_BFP_EXT__ 1
| #define __STDC_WANT_IEC_60559_DFP_EXT__ 1
| #define __STDC_WANT_IEC_60559_EXT__ 1
| #define __STDC_WANT_IEC_60559_FUNCS_EXT__ 1
| #define __STDC_WANT_IEC_60559_TYPES_EXT__ 1
| #define __STDC_WANT_LIB_EXT2__ 1
| #define __STDC_WANT_MATH_SPEC_FUNCS__ 1
| #define _TANDEM_SOURCE 1
| #define __EXTENSIONS__ 1
| #define HAVE__BOOL 1
| #define HAVE_VPRINTF 1
| #define HAVE_STDARG_H 1
| #define HAVE_STDIO_H 1
| #define HAVE_UNISTD_H 1
| #define HAVE_STDLIB_H 1
| #define HAVE_STRING_H 1
| #define HAVE_STDINT_H 1
| #define HAVE_TIME_H 1
| #define HAVE_SIGNAL_H 1
| #define HAVE_ASSERT_H 1
| #define HAVE_SYS_UNISTD_H 1
| #define HAVE_SYS_TYPES_H 1
| #define HAVE_SYS_SOCKET_H 1
| #define HAVE_NETINET_IN_H 1
| #define HAVE_ARPA_INET_H 1
| #define HAVE_NETDB_H 1
| #define HAVE_PTHREAD_H 1
| #define HAVE_ERRNO_H 1
| #define HAVE_NET_ETHERNET_H 1
| #define HAVE_SYSLOG_H 1
| #define HAVE_PWD_H 1
| #define HAVE_GRP_H 1
| #define HAVE_SIGNAL 1
| #define HAVE_PTHREAD_MUTEX_INIT 1
| #define HAVE_PTHREAD_MUTEX_LOCK 1
| #define HAVE_PTHREAD_MUTEX_UNLOCK 1
| #define HAVE_SYSLOG 1
| #define HAVE_GETADDRINFO 1
| #define HAVE_FREEADDRINFO 1
| #define HAVE_GAI_STRERROR 1
| #define SIZEOF_CHAR 1
| #define SIZEOF_UINT8_T 1
| #define SIZEOF_UINT16_T 2
| #define SIZEOF_UINT32_T 4
| #define SIZEOF_INT 4
| #define HAVE_MALLOC 1
| #define HAVE_CALLOC 1
| #define HAVE_FREE 1
| #define HAVE_MEMCPY 1
| #define HAVE_MEMSET 1
| #define HAVE_PRINTF 1
| #define HAVE_SPRINTF 1
| #define HAVE_VSNPRINTF 1
| #define HAVE_STRERROR 1
| #define HAVE_STRLEN 1
| #define HAVE_STRNCMP 1
| #define HAVE_STRSTR 1
| #define HAVE_STRTOL 1
| #define HAVE_STRTOUL 1
| #define HAVE_FOPEN 1
| #define HAVE_FPRINTF 1
| #define HAVE_GETTIMEOFDAY 1
| #define HAVE_CLOSE 1
| #define HAVE_FCLOSE 1
| #define HAVE_EXIT 1
| #define HAVE_GETOPT_LONG 1
| #define HAVE_INET_NTOA 1
| #define RNGDEV "/dev/random"
| #define HAVE_OPENSSL_SHA_H 1
| #define HAVE_ARC4RANDOM 1
| /* end confdefs.h.  */
| 
| /* Override any GCC internal prototype to avoid an error.
|    Use char because int might match the return type of a GCC
|    builtin and then its argument prototype would still apply.
|    The 'extern "C"' is for builds by C++ compilers;
|    although this is not generally supported in C code supporting it here
|    has little cost and some practical benefit (sr 110532).  */
| #ifdef __cplusplus
| extern "C"
| #endif
| char __android_log_vprint (void);
| int
| main (void)
| {
| return __android_log_vprint ();
|   ;
|   return 0;
| }
configure:6713: result: no
configure:6919: checking that generated files are newer than configure
configure:6925: result: done
configure:6988: creating ./config.status

## ---------------------- ##
## Running config.status. ##
## ---------------------- ##

This file was extended by ptunnel-ng config.status 1.42, which was
generated by GNU Autoconf 2.72.  Invocation command line was

  CONFIG_FILES    = 
  CONFIG_HEADERS  = 
  CONFIG_LINKS    = 
  CONFIG_COMMANDS = 
  $ ./config.status 

on kali

config.status:960: creating Makefile
config.status:960: creating src/Makefile
config.status:960: creating src/config.h
config.status:1141: src/config.h is unchanged
config.status:1189: executing depfiles commands
config.status:1266: cd src       && sed -e '/# am--include-marker/d' Makefile         | make -f - am--depfiles
make: Nothing to be done for 'am--depfiles'.
config.status:1271: $? = 0
configure:8302: WARNING: unrecognized options: --enable-static

## ---------------- ##
## Cache variables. ##
## ---------------- ##

ac_cv_build=x86_64-pc-linux-gnu
ac_cv_c_compiler_gnu=yes
ac_cv_c_const=yes
ac_cv_c_inline=inline
ac_cv_env_CC_set=
ac_cv_env_CC_value=
ac_cv_env_CFLAGS_set=
ac_cv_env_CFLAGS_value=
ac_cv_env_CPPFLAGS_set=
ac_cv_env_CPPFLAGS_value=
ac_cv_env_LDFLAGS_set=set
ac_cv_env_LDFLAGS_value=-static
ac_cv_env_LIBS_set=
ac_cv_env_LIBS_value=
ac_cv_env_build_alias_set=
ac_cv_env_build_alias_value=
ac_cv_env_host_alias_set=
ac_cv_env_host_alias_value=
ac_cv_env_target_alias_set=
ac_cv_env_target_alias_value=
ac_cv_func_arc4random=yes
ac_cv_func_calloc=yes
ac_cv_func_close=yes
ac_cv_func_exit=yes
ac_cv_func_fclose=yes
ac_cv_func_fopen=yes
ac_cv_func_fprintf=yes
ac_cv_func_free=yes
ac_cv_func_freeaddrinfo=yes
ac_cv_func_gai_strerror=yes
ac_cv_func_getaddrinfo=yes
ac_cv_func_getopt_long=yes
ac_cv_func_gettimeofday=yes
ac_cv_func_inet_ntoa=yes
ac_cv_func_malloc=yes
ac_cv_func_memcmp_working=yes
ac_cv_func_memcpy=yes
ac_cv_func_memset=yes
ac_cv_func_printf=yes
ac_cv_func_pthread_mutex_init=yes
ac_cv_func_pthread_mutex_lock=yes
ac_cv_func_pthread_mutex_unlock=yes
ac_cv_func_signal=yes
ac_cv_func_sprintf=yes
ac_cv_func_strerror=yes
ac_cv_func_strlen=yes
ac_cv_func_strncmp=yes
ac_cv_func_strstr=yes
ac_cv_func_strtol=yes
ac_cv_func_strtoul=yes
ac_cv_func_syslog=yes
ac_cv_func_vprintf=yes
ac_cv_func_vsnprintf=yes
ac_cv_header_arpa_inet_h=yes
ac_cv_header_assert_h=yes
ac_cv_header_bsd_stdlib_h=no
ac_cv_header_errno_h=yes
ac_cv_header_grp_h=yes
ac_cv_header_inttypes_h=yes
ac_cv_header_minix_config_h=no
ac_cv_header_net_ethernet_h=yes
ac_cv_header_netdb_h=yes
ac_cv_header_netinet_in_h=yes
ac_cv_header_openssl_sha_h=yes
ac_cv_header_pthread_h=yes
ac_cv_header_pwd_h=yes
ac_cv_header_selinux_selinux_h=no
ac_cv_header_signal_h=yes
ac_cv_header_stdarg_h=yes
ac_cv_header_stdbool_h=yes
ac_cv_header_stdint_h=yes
ac_cv_header_stdio_h=yes
ac_cv_header_stdlib_h=yes
ac_cv_header_string_h=yes
ac_cv_header_strings_h=yes
ac_cv_header_sys_socket_h=yes
ac_cv_header_sys_stat_h=yes
ac_cv_header_sys_types_h=yes
ac_cv_header_sys_unistd_h=yes
ac_cv_header_syslog_h=yes
ac_cv_header_time_h=yes
ac_cv_header_unistd_h=yes
ac_cv_header_wchar_h=yes
ac_cv_host=x86_64-pc-linux-gnu
ac_cv_member_struct_timeval_tv_sec=yes
ac_cv_member_struct_timeval_tv_usec=yes
ac_cv_objext=o
ac_cv_path_install='/usr/bin/install -c'
ac_cv_path_mkdir=/usr/bin/mkdir
ac_cv_prog_AWK=gawk
ac_cv_prog_ac_ct_CC=gcc
ac_cv_prog_cc_c11=
ac_cv_prog_cc_g=yes
ac_cv_prog_cc_stdc=
ac_cv_prog_make_make_set=yes
ac_cv_safe_to_define___extensions__=yes
ac_cv_search_CRYPTO_new_ex_data=no
ac_cv_search___android_log_vprint=no
ac_cv_search_arc4random='none required'
ac_cv_search_pthread_create='none required'
ac_cv_search_setcon=no
ac_cv_should_define__xopen_source=no
ac_cv_sizeof_char=1
ac_cv_sizeof_int=4
ac_cv_sizeof_uint16_t=2
ac_cv_sizeof_uint32_t=4
ac_cv_sizeof_uint8_t=1
ac_cv_type__Bool=yes
ac_cv_type_size_t=yes
am_cv_CC_dependencies_compiler_type=gcc3
am_cv_filesystem_timestamp_resolution=0.01
am_cv_make_support_nested_variables=yes
am_cv_prog_cc_c_o=yes
am_cv_sleep_fractional_seconds=yes
am_cv_xargs_n_works=yes

## ----------------- ##
## Output variables. ##
## ----------------- ##

ACLOCAL='${SHELL} '\''/home/jhwink/Documents/ptunnel-ng/missing'\'' aclocal-1.17'
AMDEPBACKSLASH='\'
AMDEP_FALSE='#'
AMDEP_TRUE=''
AMTAR='$${TAR-tar}'
AM_BACKSLASH='\'
AM_DEFAULT_V='$(AM_DEFAULT_VERBOSITY)'
AM_DEFAULT_VERBOSITY='0'
AM_V='$(V)'
AUTOCONF='${SHELL} '\''/home/jhwink/Documents/ptunnel-ng/missing'\'' autoconf'
AUTOHEADER='${SHELL} '\''/home/jhwink/Documents/ptunnel-ng/missing'\'' autoheader'
AUTOMAKE='${SHELL} '\''/home/jhwink/Documents/ptunnel-ng/missing'\'' automake-1.17'
AWK='gawk'
CC='gcc'
CCDEPMODE='depmode=gcc3'
CFLAGS='-g -O2'
CPPFLAGS=''
CSCOPE='cscope'
CTAGS='ctags'
CYGPATH_W='echo'
DEFS='-DHAVE_CONFIG_H'
DEPDIR='.deps'
DISABLE_ASSERTS_FALSE='#'
DISABLE_ASSERTS_TRUE=''
DLLTOOL=''
ECHO_C=''
ECHO_N='-n'
ECHO_T=''
ENABLE_SANITIZER_FALSE=''
ENABLE_SANITIZER_TRUE='#'
ENABLE_SHA512_FALSE=''
ENABLE_SHA512_TRUE='#'
ETAGS='etags'
EXEEXT=''
HAVE_ARC4RANDOM_FALSE='#'
HAVE_ARC4RANDOM_TRUE=''
HAVE_ICMPFILTER_FALSE='#'
HAVE_ICMPFILTER_TRUE=''
HAVE_NPCAP_FALSE=''
HAVE_NPCAP_TRUE='#'
HAVE_PCAP_FALSE=''
HAVE_PCAP_TRUE='#'
HAVE_SELINUX_FALSE=''
HAVE_SELINUX_TRUE='#'
INSTALL_DATA='${INSTALL} -m 644'
INSTALL_PROGRAM='${INSTALL}'
INSTALL_SCRIPT='${INSTALL}'
INSTALL_STRIP_PROGRAM='$(install_sh) -c -s'
IS_WINDOWS_FALSE=''
IS_WINDOWS_TRUE='#'
LDFLAGS='-static'
LIBOBJS=''
LIBS=''
LTLIBOBJS=''
MAKEINFO='${SHELL} '\''/home/jhwink/Documents/ptunnel-ng/missing'\'' makeinfo'
MKDIR_P='/usr/bin/mkdir -p'
OBJEXT='o'
PACKAGE='ptunnel-ng'
PACKAGE_BUGREPORT=''
PACKAGE_NAME='ptunnel-ng'
PACKAGE_STRING='ptunnel-ng 1.42'
PACKAGE_TARNAME='ptunnel-ng'
PACKAGE_URL=''
PACKAGE_VERSION='1.42'
PATH_SEPARATOR=':'
SET_MAKE=''
SHELL='/bin/bash'
STRIP=''
USE_CUSTOMRNG_FALSE=''
USE_CUSTOMRNG_TRUE='#'
VERSION='1.42'
ac_ct_CC='gcc'
am__EXEEXT_FALSE=''
am__EXEEXT_TRUE='#'
am__fastdepCC_FALSE='#'
am__fastdepCC_TRUE=''
am__include='include'
am__isrc=''
am__leading_dot='.'
am__nodep='_no'
am__quote=''
am__rm_f_notfound=''
am__tar='$${TAR-tar} chof - "$$tardir"'
am__untar='$${TAR-tar} xf -'
am__xargs_n='xargs -n'
bindir='${exec_prefix}/bin'
build='x86_64-pc-linux-gnu'
build_alias=''
build_cpu='x86_64'
build_os='linux-gnu'
build_vendor='pc'
datadir='${datarootdir}'
datarootdir='${prefix}/share'
docdir='${datarootdir}/doc/${PACKAGE_TARNAME}'
dvidir='${docdir}'
exec_prefix='${prefix}'
host='x86_64-pc-linux-gnu'
host_alias=''
host_cpu='x86_64'
host_os='linux-gnu'
host_vendor='pc'
htmldir='${docdir}'
includedir='${prefix}/include'
infodir='${datarootdir}/info'
install_sh='${SHELL} /home/jhwink/Documents/ptunnel-ng/install-sh'
libdir='${exec_prefix}/lib'
libexecdir='${exec_prefix}/libexec'
localedir='${datarootdir}/locale'
localstatedir='${prefix}/var'
mandir='${datarootdir}/man'
mkdir_p='$(MKDIR_P)'
oldincludedir='/usr/include'
pdfdir='${docdir}'
prefix='/usr/local'
program_transform_name='s,x,x,'
psdir='${docdir}'
runstatedir='${localstatedir}/run'
sbindir='${exec_prefix}/sbin'
sharedstatedir='${prefix}/com'
sysconfdir='${prefix}/etc'
target_alias=''

## ----------- ##
## confdefs.h. ##
## ----------- ##

/* confdefs.h */
#define PACKAGE_NAME "ptunnel-ng"
#define PACKAGE_TARNAME "ptunnel-ng"
#define PACKAGE_VERSION "1.42"
#define PACKAGE_STRING "ptunnel-ng 1.42"
#define PACKAGE_BUGREPORT ""
#define PACKAGE_URL ""
#define PACKAGE "ptunnel-ng"
#define VERSION "1.42"
#define HAVE_STDIO_H 1
#define HAVE_STDLIB_H 1
#define HAVE_STRING_H 1
#define HAVE_INTTYPES_H 1
#define HAVE_STDINT_H 1
#define HAVE_STRINGS_H 1
#define HAVE_SYS_STAT_H 1
#define HAVE_SYS_TYPES_H 1
#define HAVE_UNISTD_H 1
#define HAVE_WCHAR_H 1
#define STDC_HEADERS 1
#define _ALL_SOURCE 1
#define _DARWIN_C_SOURCE 1
#define _GNU_SOURCE 1
#define _HPUX_ALT_XOPEN_SOCKET_API 1
#define _NETBSD_SOURCE 1
#define _OPENBSD_SOURCE 1
#define _POSIX_PTHREAD_SEMANTICS 1
#define __STDC_WANT_IEC_60559_ATTRIBS_EXT__ 1
#define __STDC_WANT_IEC_60559_BFP_EXT__ 1
#define __STDC_WANT_IEC_60559_DFP_EXT__ 1
#define __STDC_WANT_IEC_60559_EXT__ 1
#define __STDC_WANT_IEC_60559_FUNCS_EXT__ 1
#define __STDC_WANT_IEC_60559_TYPES_EXT__ 1
#define __STDC_WANT_LIB_EXT2__ 1
#define __STDC_WANT_MATH_SPEC_FUNCS__ 1
#define _TANDEM_SOURCE 1
#define __EXTENSIONS__ 1
#define HAVE__BOOL 1
#define HAVE_VPRINTF 1
#define HAVE_STDARG_H 1
#define HAVE_STDIO_H 1
#define HAVE_UNISTD_H 1
#define HAVE_STDLIB_H 1
#define HAVE_STRING_H 1
#define HAVE_STDINT_H 1
#define HAVE_TIME_H 1
#define HAVE_SIGNAL_H 1
#define HAVE_ASSERT_H 1
#define HAVE_SYS_UNISTD_H 1
#define HAVE_SYS_TYPES_H 1
#define HAVE_SYS_SOCKET_H 1
#define HAVE_NETINET_IN_H 1
#define HAVE_ARPA_INET_H 1
#define HAVE_NETDB_H 1
#define HAVE_PTHREAD_H 1
#define HAVE_ERRNO_H 1
#define HAVE_NET_ETHERNET_H 1
#define HAVE_SYSLOG_H 1
#define HAVE_PWD_H 1
#define HAVE_GRP_H 1
#define HAVE_SIGNAL 1
#define HAVE_PTHREAD_MUTEX_INIT 1
#define HAVE_PTHREAD_MUTEX_LOCK 1
#define HAVE_PTHREAD_MUTEX_UNLOCK 1
#define HAVE_SYSLOG 1
#define HAVE_GETADDRINFO 1
#define HAVE_FREEADDRINFO 1
#define HAVE_GAI_STRERROR 1
#define SIZEOF_CHAR 1
#define SIZEOF_UINT8_T 1
#define SIZEOF_UINT16_T 2
#define SIZEOF_UINT32_T 4
#define SIZEOF_INT 4
#define HAVE_MALLOC 1
#define HAVE_CALLOC 1
#define HAVE_FREE 1
#define HAVE_MEMCPY 1
#define HAVE_MEMSET 1
#define HAVE_PRINTF 1
#define HAVE_SPRINTF 1
#define HAVE_VSNPRINTF 1
#define HAVE_STRERROR 1
#define HAVE_STRLEN 1
#define HAVE_STRNCMP 1
#define HAVE_STRSTR 1
#define HAVE_STRTOL 1
#define HAVE_STRTOUL 1
#define HAVE_FOPEN 1
#define HAVE_FPRINTF 1
#define HAVE_GETTIMEOFDAY 1
#define HAVE_CLOSE 1
#define HAVE_FCLOSE 1
#define HAVE_EXIT 1
#define HAVE_GETOPT_LONG 1
#define HAVE_INET_NTOA 1
#define RNGDEV "/dev/random"
#define HAVE_OPENSSL_SHA_H 1
#define HAVE_ARC4RANDOM 1

configure: exit 0
